[2026-03-20T11:16:26+08:00][sql] CONNECT:[ UseTime:0.000423s ] mysql:host=127.0.0.1;port=3306;dbname=mutu;charset=utf8mb4
[2026-03-20T11:16:26+08:00][sql] SHOW FULL COLUMNS FROM `admin` [ RunTime:0.000509s ]
[2026-03-20T11:16:26+08:00][sql] SELECT * FROM `admin` WHERE  `username` = 'admin' LIMIT 1 [ RunTime:0.000295s ]
[2026-03-20T11:16:26+08:00][sql] UPDATE `admin`  SET `last_login_ip` = '180.233.64.12' , `last_login_time` = 1773976586 , `update_time` = 1773976586  WHERE  (  `id` = 1 ) [ RunTime:0.000384s ]
[2026-03-20T11:16:26+08:00][sql] SHOW FULL COLUMNS FROM `operation_log` [ RunTime:0.000439s ]
[2026-03-20T11:16:26+08:00][sql] INSERT INTO `operation_log` SET `admin_id` = 1 , `action` = '管理员登录' , `ip` = '180.233.64.12' , `create_time` = 1773976586 [ RunTime:0.000240s ]
[2026-03-20T11:16:27+08:00][sql] CONNECT:[ UseTime:0.000470s ] mysql:host=127.0.0.1;port=3306;dbname=mutu;charset=utf8mb4
[2026-03-20T11:16:27+08:00][sql] SHOW FULL COLUMNS FROM `admin` [ RunTime:0.000512s ]
[2026-03-20T11:16:27+08:00][sql] SELECT * FROM `admin` WHERE  `id` = 1 LIMIT 1 [ RunTime:0.000307s ]
[2026-03-20T11:16:27+08:00][sql] SHOW FULL COLUMNS FROM `user_member_order` [ RunTime:0.000385s ]
[2026-03-20T11:16:27+08:00][sql] SELECT SUM(`price`) AS think_sum FROM `user_member_order` WHERE  `pay_status` = 1  AND `create_time` >= 1772294400 [ RunTime:0.000260s ]
[2026-03-20T11:16:27+08:00][sql] SHOW FULL COLUMNS FROM `goods_order` [ RunTime:0.000392s ]
[2026-03-20T11:16:27+08:00][sql] SELECT SUM(`actual_pay`) AS think_sum FROM `goods_order` WHERE  `pay_status` = 1  AND `create_time` >= 1772294400 [ RunTime:0.000272s ]
[2026-03-20T11:16:27+08:00][sql] SHOW FULL COLUMNS FROM `user` [ RunTime:0.000397s ]
[2026-03-20T11:16:27+08:00][sql] SELECT COUNT(*) AS think_count FROM `user` WHERE  `create_time` >= 1773936000 [ RunTime:0.000267s ]
[2026-03-20T11:16:27+08:00][sql] SELECT COUNT(*) AS think_count FROM `user_member_order` WHERE  `pay_status` = 1  AND `pay_time` >= 1773936000 [ RunTime:0.000253s ]
[2026-03-20T11:16:27+08:00][sql] SHOW FULL COLUMNS FROM `user_download_record` [ RunTime:0.000417s ]
[2026-03-20T11:16:27+08:00][sql] SELECT COUNT(*) AS think_count FROM `user_download_record` WHERE  `create_time` >= 1773936000 [ RunTime:0.000233s ]
[2026-03-20T11:16:27+08:00][sql] SHOW FULL COLUMNS FROM `distributor` [ RunTime:0.000377s ]
[2026-03-20T11:16:27+08:00][sql] SELECT SUM(`frozen_commission`) AS think_sum FROM `distributor` [ RunTime:0.000229s ]
[2026-03-20T11:16:27+08:00][sql] SHOW FULL COLUMNS FROM `complaint` [ RunTime:0.000364s ]
[2026-03-20T11:16:27+08:00][sql] SELECT COUNT(*) AS think_count FROM `complaint` WHERE  `status` = 0 [ RunTime:0.000240s ]
[2026-03-20T11:16:27+08:00][sql] SHOW FULL COLUMNS FROM `withdraw_apply` [ RunTime:0.000376s ]
[2026-03-20T11:16:27+08:00][sql] SELECT COUNT(*) AS think_count FROM `withdraw_apply` WHERE  `status` = 0 [ RunTime:0.000228s ]
[2026-03-20T11:16:27+08:00][sql] SELECT COUNT(*) AS think_count FROM `withdraw_apply` WHERE  `status` = 0  AND `create_time` < 1773890187 [ RunTime:0.000253s ]
[2026-03-20T11:16:27+08:00][sql] SELECT COUNT(*) AS think_count FROM `goods_order` WHERE  `pay_status` = 1  AND `shipping_status` = 0  AND `pay_time` < 1773803787 [ RunTime:0.000251s ]
[2026-03-20T11:16:34+08:00][sql] CONNECT:[ UseTime:0.000456s ] mysql:host=127.0.0.1;port=3306;dbname=mutu;charset=utf8mb4
[2026-03-20T11:16:34+08:00][sql] SHOW FULL COLUMNS FROM `admin` [ RunTime:0.000483s ]
[2026-03-20T11:16:34+08:00][sql] SELECT * FROM `admin` WHERE  `id` = 1 LIMIT 1 [ RunTime:0.000296s ]
[2026-03-20T11:16:34+08:00][sql] SHOW FULL COLUMNS FROM `resource_category` [ RunTime:0.000394s ]
[2026-03-20T11:16:34+08:00][sql] SELECT * FROM `resource_category` ORDER BY `sort` ASC [ RunTime:0.000311s ]
[2026-03-20T11:16:37+08:00][sql] CONNECT:[ UseTime:0.000478s ] mysql:host=127.0.0.1;port=3306;dbname=mutu;charset=utf8mb4
[2026-03-20T11:16:37+08:00][sql] SHOW FULL COLUMNS FROM `admin` [ RunTime:0.000512s ]
[2026-03-20T11:16:37+08:00][sql] SELECT * FROM `admin` WHERE  `id` = 1 LIMIT 1 [ RunTime:0.000294s ]
[2026-03-20T11:16:37+08:00][sql] SHOW FULL COLUMNS FROM `resource_category` [ RunTime:0.000405s ]
[2026-03-20T11:16:37+08:00][sql] SELECT * FROM `resource_category` ORDER BY `sort` ASC [ RunTime:0.000261s ]
[2026-03-20T11:16:37+08:00][sql] CONNECT:[ UseTime:0.000445s ] mysql:host=127.0.0.1;port=3306;dbname=mutu;charset=utf8mb4
[2026-03-20T11:16:37+08:00][sql] SHOW FULL COLUMNS FROM `admin` [ RunTime:0.000516s ]
[2026-03-20T11:16:37+08:00][sql] SELECT * FROM `admin` WHERE  `id` = 1 LIMIT 1 [ RunTime:0.000283s ]
[2026-03-20T11:16:37+08:00][sql] SHOW FULL COLUMNS FROM `resource` [ RunTime:0.000435s ]
[2026-03-20T11:16:37+08:00][sql] SELECT COUNT(*) AS think_count FROM `resource` [ RunTime:0.000218s ]
[2026-03-20T11:16:44+08:00][sql] CONNECT:[ UseTime:0.000464s ] mysql:host=127.0.0.1;port=3306;dbname=mutu;charset=utf8mb4
[2026-03-20T11:16:44+08:00][sql] SHOW FULL COLUMNS FROM `admin` [ RunTime:0.000522s ]
[2026-03-20T11:16:44+08:00][sql] SELECT * FROM `admin` WHERE  `id` = 1 LIMIT 1 [ RunTime:0.000308s ]
[2026-03-20T11:16:44+08:00][sql] SHOW FULL COLUMNS FROM `user_member_order` [ RunTime:0.000377s ]
[2026-03-20T11:16:44+08:00][sql] SELECT COUNT(*) AS think_count FROM `user_member_order` [ RunTime:0.000225s ]
[2026-03-20T11:16:44+08:00][sql] SELECT * FROM `user_member_order` ORDER BY `id` DESC LIMIT 0,20 [ RunTime:0.000244s ]
[2026-03-20T11:16:45+08:00][sql] CONNECT:[ UseTime:0.000423s ] mysql:host=127.0.0.1;port=3306;dbname=mutu;charset=utf8mb4
[2026-03-20T11:16:45+08:00][sql] SHOW FULL COLUMNS FROM `admin` [ RunTime:0.000543s ]
[2026-03-20T11:16:45+08:00][sql] SELECT * FROM `admin` WHERE  `id` = 1 LIMIT 1 [ RunTime:0.000299s ]
[2026-03-20T11:16:45+08:00][sql] SHOW FULL COLUMNS FROM `user_level` [ RunTime:0.000401s ]
[2026-03-20T11:16:45+08:00][sql] SELECT * FROM `user_level` ORDER BY `sort` ASC [ RunTime:0.000257s ]
[2026-03-20T11:16:52+08:00][sql] CONNECT:[ UseTime:0.000463s ] mysql:host=127.0.0.1;port=3306;dbname=mutu;charset=utf8mb4
[2026-03-20T11:16:52+08:00][sql] SHOW FULL COLUMNS FROM `admin` [ RunTime:0.000479s ]
[2026-03-20T11:16:52+08:00][sql] SELECT * FROM `admin` WHERE  `id` = 1 LIMIT 1 [ RunTime:0.000300s ]
[2026-03-20T11:16:52+08:00][sql] SHOW FULL COLUMNS FROM `user_level` [ RunTime:0.000398s ]
[2026-03-20T11:16:52+08:00][sql] SELECT * FROM `user_level` ORDER BY `sort` ASC [ RunTime:0.000260s ]
[2026-03-20T11:16:55+08:00][sql] CONNECT:[ UseTime:0.000408s ] mysql:host=127.0.0.1;port=3306;dbname=mutu;charset=utf8mb4
[2026-03-20T11:16:55+08:00][sql] SHOW FULL COLUMNS FROM `admin` [ RunTime:0.000543s ]
[2026-03-20T11:16:55+08:00][sql] SELECT * FROM `admin` WHERE  `id` = 1 LIMIT 1 [ RunTime:0.000299s ]
[2026-03-20T11:16:55+08:00][sql] SHOW FULL COLUMNS FROM `user_level` [ RunTime:0.000402s ]
[2026-03-20T11:16:55+08:00][sql] SELECT * FROM `user_level` ORDER BY `sort` ASC [ RunTime:0.000267s ]
[2026-03-20T11:16:59+08:00][sql] CONNECT:[ UseTime:0.000502s ] mysql:host=127.0.0.1;port=3306;dbname=mutu;charset=utf8mb4
[2026-03-20T11:16:59+08:00][sql] SHOW FULL COLUMNS FROM `admin` [ RunTime:0.000632s ]
[2026-03-20T11:16:59+08:00][sql] SELECT * FROM `admin` WHERE  `id` = 1 LIMIT 1 [ RunTime:0.000350s ]
[2026-03-20T11:16:59+08:00][sql] SHOW FULL COLUMNS FROM `user_level` [ RunTime:0.000530s ]
[2026-03-20T11:16:59+08:00][sql] SELECT * FROM `user_level` ORDER BY `sort` ASC [ RunTime:0.000302s ]
[2026-03-20T11:16:59+08:00][sql] CONNECT:[ UseTime:0.000502s ] mysql:host=127.0.0.1;port=3306;dbname=mutu;charset=utf8mb4
[2026-03-20T11:16:59+08:00][sql] SHOW FULL COLUMNS FROM `admin` [ RunTime:0.000632s ]
[2026-03-20T11:16:59+08:00][sql] SELECT * FROM `admin` WHERE  `id` = 1 LIMIT 1 [ RunTime:0.000350s ]
[2026-03-20T11:16:59+08:00][sql] SHOW FULL COLUMNS FROM `user` [ RunTime:0.000524s ]
[2026-03-20T11:16:59+08:00][sql] SELECT COUNT(*) AS think_count FROM `user` [ RunTime:0.000241s ]
[2026-03-20T11:16:59+08:00][sql] SELECT * FROM `user` ORDER BY `id` DESC LIMIT 0,20 [ RunTime:0.000329s ]
[2026-03-20T11:16:59+08:00][sql] SHOW FULL COLUMNS FROM `user_level` [ RunTime:0.000761s ]
[2026-03-20T11:16:59+08:00][sql] SELECT `id`,`name` FROM `user_level` WHERE  (  `id` = 4 ) [ RunTime:0.000245s ]
[2026-03-20T11:17:01+08:00][sql] CONNECT:[ UseTime:0.000459s ] mysql:host=127.0.0.1;port=3306;dbname=mutu;charset=utf8mb4
[2026-03-20T11:17:01+08:00][sql] SHOW FULL COLUMNS FROM `admin` [ RunTime:0.000507s ]
[2026-03-20T11:17:01+08:00][sql] SELECT * FROM `admin` WHERE  `id` = 1 LIMIT 1 [ RunTime:0.000283s ]
[2026-03-20T11:17:01+08:00][sql] SHOW FULL COLUMNS FROM `user` [ RunTime:0.000426s ]
[2026-03-20T11:17:01+08:00][sql] SELECT * FROM `user` WHERE  `id` = 2 LIMIT 1 [ RunTime:0.000264s ]
[2026-03-20T11:17:01+08:00][sql] SHOW FULL COLUMNS FROM `user_level` [ RunTime:0.000391s ]
[2026-03-20T11:17:01+08:00][sql] SELECT * FROM `user_level` WHERE  `id` = 4 LIMIT 1 [ RunTime:0.000249s ]
[2026-03-20T11:17:01+08:00][sql] SHOW FULL COLUMNS FROM `user_download_record` [ RunTime:0.000355s ]
[2026-03-20T11:17:01+08:00][sql] SELECT COUNT(*) AS think_count FROM `user_download_record` WHERE  `user_id` = 2 [ RunTime:0.000250s ]
[2026-03-20T11:17:01+08:00][sql] SHOW FULL COLUMNS FROM `resource_order` [ RunTime:0.000355s ]
[2026-03-20T11:17:01+08:00][sql] SELECT COUNT(*) AS think_count FROM `resource_order` WHERE  `user_id` = 2 [ RunTime:0.000257s ]
[2026-03-20T11:17:01+08:00][sql] SELECT COUNT(*) AS think_count FROM `user` WHERE  `pid` = 2 [ RunTime:0.000244s ]
[2026-03-20T11:17:01+08:00][sql] CONNECT:[ UseTime:0.004306s ] mysql:host=127.0.0.1;port=3306;dbname=mutu;charset=utf8mb4
[2026-03-20T11:17:01+08:00][sql] SHOW FULL COLUMNS FROM `admin` [ RunTime:0.000603s ]
[2026-03-20T11:17:01+08:00][sql] SELECT * FROM `admin` WHERE  `id` = 1 LIMIT 1 [ RunTime:0.000328s ]
[2026-03-20T11:17:01+08:00][sql] SHOW FULL COLUMNS FROM `invite_record` [ RunTime:0.000628s ]
[2026-03-20T11:17:01+08:00][sql] SELECT COUNT(*) AS think_count FROM `invite_record` WHERE  `invite_user_id` = 2 [ RunTime:0.000322s ]
[2026-03-20T11:17:01+08:00][sql] SELECT * FROM `invite_record` WHERE  `invite_user_id` = 2 ORDER BY `id` DESC LIMIT 0,10 [ RunTime:0.000308s ]
[2026-03-20T11:17:01+08:00][sql] CONNECT:[ UseTime:0.000447s ] mysql:host=127.0.0.1;port=3306;dbname=mutu;charset=utf8mb4
[2026-03-20T11:17:01+08:00][sql] SHOW FULL COLUMNS FROM `admin` [ RunTime:0.000524s ]
[2026-03-20T11:17:01+08:00][sql] SELECT * FROM `admin` WHERE  `id` = 1 LIMIT 1 [ RunTime:0.000338s ]
[2026-03-20T11:17:01+08:00][sql] SHOW FULL COLUMNS FROM `user_download_record` [ RunTime:0.000458s ]
[2026-03-20T11:17:01+08:00][sql] SELECT COUNT(*) AS think_count FROM `user_download_record` WHERE  `user_id` = 2 [ RunTime:0.000313s ]
[2026-03-20T11:17:01+08:00][sql] SELECT * FROM `user_download_record` WHERE  `user_id` = 2 ORDER BY `id` DESC LIMIT 0,10 [ RunTime:0.000288s ]
[2026-03-20T11:17:01+08:00][sql] CONNECT:[ UseTime:0.000345s ] mysql:host=127.0.0.1;port=3306;dbname=mutu;charset=utf8mb4
[2026-03-20T11:17:01+08:00][sql] SHOW FULL COLUMNS FROM `admin` [ RunTime:0.000457s ]
[2026-03-20T11:17:01+08:00][sql] SELECT * FROM `admin` WHERE  `id` = 1 LIMIT 1 [ RunTime:0.000281s ]
[2026-03-20T11:17:01+08:00][sql] SHOW FULL COLUMNS FROM `point_record` [ RunTime:0.000710s ]
[2026-03-20T11:17:01+08:00][sql] SELECT COUNT(*) AS think_count FROM `point_record` WHERE  `user_id` = 2 [ RunTime:0.000259s ]
[2026-03-20T11:17:01+08:00][sql] SELECT * FROM `point_record` WHERE  `user_id` = 2 ORDER BY `id` DESC LIMIT 0,10 [ RunTime:0.000275s ]
[2026-03-20T11:17:05+08:00][sql] CONNECT:[ UseTime:0.000294s ] mysql:host=127.0.0.1;port=3306;dbname=mutu;charset=utf8mb4
[2026-03-20T11:17:05+08:00][sql] SHOW FULL COLUMNS FROM `admin` [ RunTime:0.000437s ]
[2026-03-20T11:17:05+08:00][sql] SELECT * FROM `admin` WHERE  `id` = 1 LIMIT 1 [ RunTime:0.000278s ]
[2026-03-20T11:17:05+08:00][sql] SHOW FULL COLUMNS FROM `user_level` [ RunTime:0.000520s ]
[2026-03-20T11:17:05+08:00][sql] SELECT * FROM `user_level` ORDER BY `sort` ASC [ RunTime:0.000285s ]
[2026-03-20T11:17:05+08:00][sql] CONNECT:[ UseTime:0.000465s ] mysql:host=127.0.0.1;port=3306;dbname=mutu;charset=utf8mb4
[2026-03-20T11:17:05+08:00][sql] SHOW FULL COLUMNS FROM `admin` [ RunTime:0.000615s ]
[2026-03-20T11:17:05+08:00][sql] SELECT * FROM `admin` WHERE  `id` = 1 LIMIT 1 [ RunTime:0.000319s ]
[2026-03-20T11:17:05+08:00][sql] SHOW FULL COLUMNS FROM `user` [ RunTime:0.000473s ]
[2026-03-20T11:17:05+08:00][sql] SELECT COUNT(*) AS think_count FROM `user` [ RunTime:0.000251s ]
[2026-03-20T11:17:05+08:00][sql] SELECT * FROM `user` ORDER BY `id` DESC LIMIT 0,20 [ RunTime:0.000267s ]
[2026-03-20T11:17:05+08:00][sql] SHOW FULL COLUMNS FROM `user_level` [ RunTime:0.000695s ]
[2026-03-20T11:17:05+08:00][sql] SELECT `id`,`name` FROM `user_level` WHERE  (  `id` = 4 ) [ RunTime:0.000282s ]
[2026-03-20T11:17:07+08:00][sql] CONNECT:[ UseTime:0.000447s ] mysql:host=127.0.0.1;port=3306;dbname=mutu;charset=utf8mb4
[2026-03-20T11:17:07+08:00][sql] SHOW FULL COLUMNS FROM `admin` [ RunTime:0.000515s ]
[2026-03-20T11:17:07+08:00][sql] SELECT * FROM `admin` WHERE  `id` = 1 LIMIT 1 [ RunTime:0.000301s ]
[2026-03-20T11:17:07+08:00][sql] SHOW FULL COLUMNS FROM `user` [ RunTime:0.000399s ]
[2026-03-20T11:17:07+08:00][sql] SELECT * FROM `user` WHERE  `id` = 1 LIMIT 1 [ RunTime:0.000258s ]
[2026-03-20T11:17:07+08:00][sql] SHOW FULL COLUMNS FROM `user_level` [ RunTime:0.000394s ]
[2026-03-20T11:17:07+08:00][sql] SELECT * FROM `user_level` WHERE  `id` = 4 LIMIT 1 [ RunTime:0.000242s ]
[2026-03-20T11:17:07+08:00][sql] SHOW FULL COLUMNS FROM `user_download_record` [ RunTime:0.000346s ]
[2026-03-20T11:17:07+08:00][sql] SELECT COUNT(*) AS think_count FROM `user_download_record` WHERE  `user_id` = 1 [ RunTime:0.000268s ]
[2026-03-20T11:17:07+08:00][sql] SHOW FULL COLUMNS FROM `resource_order` [ RunTime:0.000392s ]
[2026-03-20T11:17:07+08:00][sql] SELECT COUNT(*) AS think_count FROM `resource_order` WHERE  `user_id` = 1 [ RunTime:0.000449s ]
[2026-03-20T11:17:07+08:00][sql] SELECT COUNT(*) AS think_count FROM `user` WHERE  `pid` = 1 [ RunTime:0.000255s ]
[2026-03-20T11:17:07+08:00][sql] CONNECT:[ UseTime:0.000676s ] mysql:host=127.0.0.1;port=3306;dbname=mutu;charset=utf8mb4
[2026-03-20T11:17:07+08:00][sql] SHOW FULL COLUMNS FROM `admin` [ RunTime:0.000570s ]
[2026-03-20T11:17:07+08:00][sql] SELECT * FROM `admin` WHERE  `id` = 1 LIMIT 1 [ RunTime:0.000337s ]
[2026-03-20T11:17:07+08:00][sql] SHOW FULL COLUMNS FROM `point_record` [ RunTime:0.006397s ]
[2026-03-20T11:17:07+08:00][sql] SELECT COUNT(*) AS think_count FROM `point_record` WHERE  `user_id` = 1 [ RunTime:0.000314s ]
[2026-03-20T11:17:07+08:00][sql] SELECT * FROM `point_record` WHERE  `user_id` = 1 ORDER BY `id` DESC LIMIT 0,10 [ RunTime:0.000330s ]
[2026-03-20T11:17:07+08:00][sql] CONNECT:[ UseTime:0.000375s ] mysql:host=127.0.0.1;port=3306;dbname=mutu;charset=utf8mb4
[2026-03-20T11:17:07+08:00][sql] SHOW FULL COLUMNS FROM `admin` [ RunTime:0.000488s ]
[2026-03-20T11:17:07+08:00][sql] SELECT * FROM `admin` WHERE  `id` = 1 LIMIT 1 [ RunTime:0.000293s ]
[2026-03-20T11:17:07+08:00][sql] SHOW FULL COLUMNS FROM `invite_record` [ RunTime:0.000482s ]
[2026-03-20T11:17:07+08:00][sql] SELECT COUNT(*) AS think_count FROM `invite_record` WHERE  `invite_user_id` = 1 [ RunTime:0.000323s ]
[2026-03-20T11:17:07+08:00][sql] SELECT * FROM `invite_record` WHERE  `invite_user_id` = 1 ORDER BY `id` DESC LIMIT 0,10 [ RunTime:0.000297s ]
[2026-03-20T11:17:07+08:00][sql] CONNECT:[ UseTime:0.000341s ] mysql:host=127.0.0.1;port=3306;dbname=mutu;charset=utf8mb4
[2026-03-20T11:17:07+08:00][sql] SHOW FULL COLUMNS FROM `admin` [ RunTime:0.000449s ]
[2026-03-20T11:17:07+08:00][sql] SELECT * FROM `admin` WHERE  `id` = 1 LIMIT 1 [ RunTime:0.000276s ]
[2026-03-20T11:17:07+08:00][sql] SHOW FULL COLUMNS FROM `user_download_record` [ RunTime:0.000444s ]
[2026-03-20T11:17:07+08:00][sql] SELECT COUNT(*) AS think_count FROM `user_download_record` WHERE  `user_id` = 1 [ RunTime:0.000292s ]
[2026-03-20T11:17:07+08:00][sql] SELECT * FROM `user_download_record` WHERE  `user_id` = 1 ORDER BY `id` DESC LIMIT 0,10 [ RunTime:0.000288s ]
[2026-03-20T11:17:11+08:00][sql] CONNECT:[ UseTime:0.000476s ] mysql:host=127.0.0.1;port=3306;dbname=mutu;charset=utf8mb4
[2026-03-20T11:17:11+08:00][sql] SHOW FULL COLUMNS FROM `admin` [ RunTime:0.000603s ]
[2026-03-20T11:17:11+08:00][sql] SELECT * FROM `admin` WHERE  `id` = 1 LIMIT 1 [ RunTime:0.000317s ]
[2026-03-20T11:17:11+08:00][sql] SHOW FULL COLUMNS FROM `user_level` [ RunTime:0.000498s ]
[2026-03-20T11:17:11+08:00][sql] SELECT * FROM `user_level` ORDER BY `sort` ASC [ RunTime:0.000315s ]
[2026-03-20T11:17:11+08:00][sql] CONNECT:[ UseTime:0.000476s ] mysql:host=127.0.0.1;port=3306;dbname=mutu;charset=utf8mb4
[2026-03-20T11:17:11+08:00][sql] SHOW FULL COLUMNS FROM `admin` [ RunTime:0.000603s ]
[2026-03-20T11:17:11+08:00][sql] SELECT * FROM `admin` WHERE  `id` = 1 LIMIT 1 [ RunTime:0.000317s ]
[2026-03-20T11:17:11+08:00][sql] SHOW FULL COLUMNS FROM `user` [ RunTime:0.000510s ]
[2026-03-20T11:17:11+08:00][sql] SELECT COUNT(*) AS think_count FROM `user` [ RunTime:0.000245s ]
[2026-03-20T11:17:11+08:00][sql] SELECT * FROM `user` ORDER BY `id` DESC LIMIT 0,20 [ RunTime:0.000268s ]
[2026-03-20T11:17:11+08:00][sql] SHOW FULL COLUMNS FROM `user_level` [ RunTime:0.000485s ]
[2026-03-20T11:17:11+08:00][sql] SELECT `id`,`name` FROM `user_level` WHERE  (  `id` = 4 ) [ RunTime:0.000291s ]
[2026-03-20T11:17:16+08:00][sql] CONNECT:[ UseTime:0.000478s ] mysql:host=127.0.0.1;port=3306;dbname=mutu;charset=utf8mb4
[2026-03-20T11:17:16+08:00][sql] SHOW FULL COLUMNS FROM `admin` [ RunTime:0.000505s ]
[2026-03-20T11:17:16+08:00][sql] SELECT * FROM `admin` WHERE  `id` = 1 LIMIT 1 [ RunTime:0.000306s ]
[2026-03-20T11:17:16+08:00][sql] SHOW FULL COLUMNS FROM `system_config` [ RunTime:0.000472s ]
[2026-03-20T11:17:16+08:00][sql] SELECT * FROM `system_config` [ RunTime:0.000247s ]
[2026-03-20T14:25:16+08:00][sql] CONNECT:[ UseTime:0.000482s ] mysql:host=127.0.0.1;port=3306;dbname=mutu;charset=utf8mb4
[2026-03-20T14:25:16+08:00][sql] SHOW FULL COLUMNS FROM `admin` [ RunTime:0.000490s ]
[2026-03-20T14:25:16+08:00][sql] SELECT * FROM `admin` WHERE  `id` = 1 LIMIT 1 [ RunTime:0.000313s ]
[2026-03-20T19:33:17+08:00][sql] CONNECT:[ UseTime:0.000431s ] mysql:host=127.0.0.1;port=3306;dbname=mutu;charset=utf8mb4
[2026-03-20T19:33:17+08:00][sql] SHOW FULL COLUMNS FROM `admin` [ RunTime:0.000472s ]
[2026-03-20T19:33:17+08:00][sql] SELECT * FROM `admin` WHERE  `username` = 'admin' LIMIT 1 [ RunTime:0.000334s ]
[2026-03-20T19:33:17+08:00][sql] UPDATE `admin`  SET `last_login_ip` = '112.47.210.142' , `last_login_time` = 1774006397 , `update_time` = 1774006397  WHERE  (  `id` = 1 ) [ RunTime:0.000397s ]
[2026-03-20T19:33:17+08:00][sql] SHOW FULL COLUMNS FROM `operation_log` [ RunTime:0.000429s ]
[2026-03-20T19:33:17+08:00][sql] INSERT INTO `operation_log` SET `admin_id` = 1 , `action` = '管理员登录' , `ip` = '112.47.210.142' , `create_time` = 1774006397 [ RunTime:0.000237s ]
[2026-03-20T19:33:17+08:00][sql] CONNECT:[ UseTime:0.000422s ] mysql:host=127.0.0.1;port=3306;dbname=mutu;charset=utf8mb4
[2026-03-20T19:33:17+08:00][sql] SHOW FULL COLUMNS FROM `admin` [ RunTime:0.000736s ]
[2026-03-20T19:33:17+08:00][sql] SELECT * FROM `admin` WHERE  `id` = 1 LIMIT 1 [ RunTime:0.000336s ]
[2026-03-20T19:33:17+08:00][sql] SHOW FULL COLUMNS FROM `user_member_order` [ RunTime:0.000458s ]
[2026-03-20T19:33:17+08:00][sql] SELECT SUM(`price`) AS think_sum FROM `user_member_order` WHERE  `pay_status` = 1  AND `create_time` >= 1772294400 [ RunTime:0.000266s ]
[2026-03-20T19:33:17+08:00][sql] SHOW FULL COLUMNS FROM `goods_order` [ RunTime:0.000464s ]
[2026-03-20T19:33:17+08:00][sql] SELECT SUM(`actual_pay`) AS think_sum FROM `goods_order` WHERE  `pay_status` = 1  AND `create_time` >= 1772294400 [ RunTime:0.000243s ]
[2026-03-20T19:33:17+08:00][sql] SHOW FULL COLUMNS FROM `user` [ RunTime:0.000392s ]
[2026-03-20T19:33:17+08:00][sql] SELECT COUNT(*) AS think_count FROM `user` WHERE  `create_time` >= 1773936000 [ RunTime:0.000229s ]
[2026-03-20T19:33:17+08:00][sql] SELECT COUNT(*) AS think_count FROM `user_member_order` WHERE  `pay_status` = 1  AND `pay_time` >= 1773936000 [ RunTime:0.000247s ]
[2026-03-20T19:33:17+08:00][sql] SHOW FULL COLUMNS FROM `user_download_record` [ RunTime:0.000346s ]
[2026-03-20T19:33:17+08:00][sql] SELECT COUNT(*) AS think_count FROM `user_download_record` WHERE  `create_time` >= 1773936000 [ RunTime:0.000237s ]
[2026-03-20T19:33:17+08:00][sql] SHOW FULL COLUMNS FROM `distributor` [ RunTime:0.000380s ]
[2026-03-20T19:33:17+08:00][sql] SELECT SUM(`frozen_commission`) AS think_sum FROM `distributor` [ RunTime:0.000206s ]
[2026-03-20T19:33:17+08:00][sql] SHOW FULL COLUMNS FROM `complaint` [ RunTime:0.000360s ]
[2026-03-20T19:33:17+08:00][sql] SELECT COUNT(*) AS think_count FROM `complaint` WHERE  `status` = 0 [ RunTime:0.000218s ]
[2026-03-20T19:33:17+08:00][sql] SHOW FULL COLUMNS FROM `withdraw_apply` [ RunTime:0.000391s ]
[2026-03-20T19:33:17+08:00][sql] SELECT COUNT(*) AS think_count FROM `withdraw_apply` WHERE  `status` = 0 [ RunTime:0.000229s ]
[2026-03-20T19:33:17+08:00][sql] SELECT COUNT(*) AS think_count FROM `withdraw_apply` WHERE  `status` = 0  AND `create_time` < 1773919997 [ RunTime:0.000225s ]
[2026-03-20T19:33:17+08:00][sql] SELECT COUNT(*) AS think_count FROM `goods_order` WHERE  `pay_status` = 1  AND `shipping_status` = 0  AND `pay_time` < 1773833597 [ RunTime:0.000272s ]
[2026-03-20T19:55:21+08:00][sql] CONNECT:[ UseTime:0.000432s ] mysql:host=127.0.0.1;port=3306;dbname=mutu;charset=utf8mb4
[2026-03-20T19:55:21+08:00][sql] SHOW FULL COLUMNS FROM `admin` [ RunTime:0.000516s ]
[2026-03-20T19:55:21+08:00][sql] SELECT * FROM `admin` WHERE  `id` = 1 LIMIT 1 [ RunTime:0.000290s ]
[2026-03-20T19:55:21+08:00][sql] SHOW FULL COLUMNS FROM `goods_category` [ RunTime:0.000395s ]
[2026-03-20T19:55:21+08:00][sql] SELECT * FROM `goods_category` ORDER BY `sort` ASC [ RunTime:0.000241s ]
[2026-03-20T19:55:24+08:00][sql] CONNECT:[ UseTime:0.000529s ] mysql:host=127.0.0.1;port=3306;dbname=mutu;charset=utf8mb4
[2026-03-20T19:55:24+08:00][sql] SHOW FULL COLUMNS FROM `admin` [ RunTime:0.000631s ]
[2026-03-20T19:55:24+08:00][sql] SELECT * FROM `admin` WHERE  `id` = 1 LIMIT 1 [ RunTime:0.000330s ]
[2026-03-20T19:55:24+08:00][sql] SHOW FULL COLUMNS FROM `goods` [ RunTime:0.000525s ]
[2026-03-20T19:55:24+08:00][sql] SELECT COUNT(*) AS think_count FROM `goods` [ RunTime:0.000252s ]
[2026-03-20T19:55:24+08:00][sql] SELECT * FROM `goods` ORDER BY `id` DESC LIMIT 0,20 [ RunTime:0.000281s ]
[2026-03-20T19:55:24+08:00][sql] CONNECT:[ UseTime:0.000477s ] mysql:host=127.0.0.1;port=3306;dbname=mutu;charset=utf8mb4
[2026-03-20T19:55:24+08:00][sql] SHOW FULL COLUMNS FROM `admin` [ RunTime:0.000560s ]
[2026-03-20T19:55:24+08:00][sql] SELECT * FROM `admin` WHERE  `id` = 1 LIMIT 1 [ RunTime:0.000308s ]
[2026-03-20T19:55:24+08:00][sql] SHOW FULL COLUMNS FROM `goods_category` [ RunTime:0.000386s ]
[2026-03-20T19:55:24+08:00][sql] SELECT * FROM `goods_category` ORDER BY `sort` ASC [ RunTime:0.000314s ]
[2026-03-20T21:17:51+08:00][sql] CONNECT:[ UseTime:0.000436s ] mysql:host=127.0.0.1;port=3306;dbname=mutu;charset=utf8mb4
[2026-03-20T21:17:51+08:00][sql] SHOW FULL COLUMNS FROM `admin` [ RunTime:0.000492s ]
[2026-03-20T21:17:51+08:00][sql] SELECT * FROM `admin` WHERE  `id` = 1 LIMIT 1 [ RunTime:0.000299s ]
[2026-03-20T21:17:51+08:00][sql] SHOW FULL COLUMNS FROM `resource_category` [ RunTime:0.000380s ]
[2026-03-20T21:17:51+08:00][sql] SELECT * FROM `resource_category` ORDER BY `sort` ASC [ RunTime:0.000244s ]
[2026-03-20T21:17:51+08:00][sql] CONNECT:[ UseTime:0.000520s ] mysql:host=127.0.0.1;port=3306;dbname=mutu;charset=utf8mb4
[2026-03-20T21:17:51+08:00][sql] SHOW FULL COLUMNS FROM `admin` [ RunTime:0.000518s ]
[2026-03-20T21:17:51+08:00][sql] SELECT * FROM `admin` WHERE  `id` = 1 LIMIT 1 [ RunTime:0.000285s ]
[2026-03-20T21:17:51+08:00][sql] SHOW FULL COLUMNS FROM `resource_category` [ RunTime:0.000381s ]
[2026-03-20T21:17:51+08:00][sql] SELECT * FROM `resource_category` ORDER BY `sort` ASC [ RunTime:0.000273s ]
[2026-03-20T21:17:51+08:00][sql] CONNECT:[ UseTime:0.000421s ] mysql:host=127.0.0.1;port=3306;dbname=mutu;charset=utf8mb4
[2026-03-20T21:17:51+08:00][sql] SHOW FULL COLUMNS FROM `admin` [ RunTime:0.000526s ]
[2026-03-20T21:17:51+08:00][sql] SELECT * FROM `admin` WHERE  `id` = 1 LIMIT 1 [ RunTime:0.000291s ]
[2026-03-20T21:17:51+08:00][sql] SHOW FULL COLUMNS FROM `resource` [ RunTime:0.000404s ]
[2026-03-20T21:17:51+08:00][sql] SELECT COUNT(*) AS think_count FROM `resource` [ RunTime:0.000232s ]
[2026-03-20T21:17:55+08:00][sql] CONNECT:[ UseTime:0.000482s ] mysql:host=127.0.0.1;port=3306;dbname=mutu;charset=utf8mb4
[2026-03-20T21:17:55+08:00][sql] SHOW FULL COLUMNS FROM `admin` [ RunTime:0.000637s ]
[2026-03-20T21:17:55+08:00][sql] SELECT * FROM `admin` WHERE  `id` = 1 LIMIT 1 [ RunTime:0.000327s ]
[2026-03-20T21:17:55+08:00][sql] SHOW FULL COLUMNS FROM `user_level` [ RunTime:0.000497s ]
[2026-03-20T21:17:55+08:00][sql] SELECT * FROM `user_level` ORDER BY `sort` ASC [ RunTime:0.000305s ]
[2026-03-20T21:17:55+08:00][sql] CONNECT:[ UseTime:0.000350s ] mysql:host=127.0.0.1;port=3306;dbname=mutu;charset=utf8mb4
[2026-03-20T21:17:55+08:00][sql] SHOW FULL COLUMNS FROM `admin` [ RunTime:0.000418s ]
[2026-03-20T21:17:55+08:00][sql] SELECT * FROM `admin` WHERE  `id` = 1 LIMIT 1 [ RunTime:0.000258s ]
[2026-03-20T21:17:55+08:00][sql] SHOW FULL COLUMNS FROM `user` [ RunTime:0.000396s ]
[2026-03-20T21:17:55+08:00][sql] SELECT COUNT(*) AS think_count FROM `user` [ RunTime:0.000251s ]
[2026-03-20T21:17:55+08:00][sql] SELECT * FROM `user` ORDER BY `id` DESC LIMIT 0,20 [ RunTime:0.000266s ]
[2026-03-20T21:17:55+08:00][sql] SHOW FULL COLUMNS FROM `user_level` [ RunTime:0.000395s ]
[2026-03-20T21:17:55+08:00][sql] SELECT `id`,`name` FROM `user_level` WHERE  (  `id` = 4 ) [ RunTime:0.000250s ]
[2026-03-20T21:17:58+08:00][sql] CONNECT:[ UseTime:0.000470s ] mysql:host=127.0.0.1;port=3306;dbname=mutu;charset=utf8mb4
[2026-03-20T21:17:58+08:00][sql] SHOW FULL COLUMNS FROM `admin` [ RunTime:0.000592s ]
[2026-03-20T21:17:58+08:00][sql] SELECT * FROM `admin` WHERE  `id` = 1 LIMIT 1 [ RunTime:0.000381s ]
[2026-03-20T21:17:58+08:00][sql] SHOW FULL COLUMNS FROM `user_level` [ RunTime:0.000535s ]
[2026-03-20T21:17:58+08:00][sql] SELECT * FROM `user_level` ORDER BY `sort` ASC [ RunTime:0.000332s ]
[2026-03-20T21:17:58+08:00][sql] CONNECT:[ UseTime:0.000312s ] mysql:host=127.0.0.1;port=3306;dbname=mutu;charset=utf8mb4
[2026-03-20T21:17:58+08:00][sql] SHOW FULL COLUMNS FROM `admin` [ RunTime:0.000407s ]
[2026-03-20T21:17:58+08:00][sql] SELECT * FROM `admin` WHERE  `id` = 1 LIMIT 1 [ RunTime:0.000260s ]
[2026-03-20T21:17:58+08:00][sql] SHOW FULL COLUMNS FROM `user` [ RunTime:0.000395s ]
[2026-03-20T21:17:58+08:00][sql] SELECT COUNT(*) AS think_count FROM `user` [ RunTime:0.000235s ]
[2026-03-20T21:17:58+08:00][sql] SELECT * FROM `user` ORDER BY `id` DESC LIMIT 0,20 [ RunTime:0.000253s ]
[2026-03-20T21:17:58+08:00][sql] SHOW FULL COLUMNS FROM `user_level` [ RunTime:0.000396s ]
[2026-03-20T21:17:58+08:00][sql] SELECT `id`,`name` FROM `user_level` WHERE  (  `id` = 4 ) [ RunTime:0.000258s ]
[2026-03-20T21:18:04+08:00][sql] CONNECT:[ UseTime:0.001436s ] mysql:host=127.0.0.1;port=3306;dbname=mutu;charset=utf8mb4
[2026-03-20T21:18:04+08:00][sql] SHOW FULL COLUMNS FROM `admin` [ RunTime:0.002338s ]
[2026-03-20T21:18:04+08:00][sql] SELECT * FROM `admin` WHERE  `id` = 1 LIMIT 1 [ RunTime:0.001891s ]
[2026-03-20T21:18:04+08:00][sql] SHOW FULL COLUMNS FROM `goods_order` [ RunTime:0.001318s ]
[2026-03-20T21:18:04+08:00][sql] SELECT COUNT(*) AS think_count FROM `goods_order` [ RunTime:0.001241s ]
[2026-03-20T21:18:04+08:00][sql] SELECT * FROM `goods_order` ORDER BY `id` DESC LIMIT 0,20 [ RunTime:0.001367s ]
[2026-03-20T21:18:05+08:00][sql] CONNECT:[ UseTime:0.000416s ] mysql:host=127.0.0.1;port=3306;dbname=mutu;charset=utf8mb4
[2026-03-20T21:18:05+08:00][sql] SHOW FULL COLUMNS FROM `admin` [ RunTime:0.000503s ]
[2026-03-20T21:18:05+08:00][sql] SELECT * FROM `admin` WHERE  `id` = 1 LIMIT 1 [ RunTime:0.000281s ]
[2026-03-20T21:18:05+08:00][sql] SHOW FULL COLUMNS FROM `user_member_order` [ RunTime:0.000405s ]
[2026-03-20T21:18:05+08:00][sql] SELECT COUNT(*) AS think_count FROM `user_member_order` [ RunTime:0.000240s ]
[2026-03-20T21:18:05+08:00][sql] SELECT * FROM `user_member_order` ORDER BY `id` DESC LIMIT 0,20 [ RunTime:0.000253s ]
[2026-03-20T21:30:29+08:00][sql] CONNECT:[ UseTime:0.000468s ] mysql:host=127.0.0.1;port=3306;dbname=mutu;charset=utf8mb4
[2026-03-20T21:30:29+08:00][sql] SHOW FULL COLUMNS FROM `admin` [ RunTime:0.000529s ]
[2026-03-20T21:30:29+08:00][sql] SELECT * FROM `admin` WHERE  `id` = 1 LIMIT 1 [ RunTime:0.000300s ]
[2026-03-20T21:30:30+08:00][sql] CONNECT:[ UseTime:0.000451s ] mysql:host=127.0.0.1;port=3306;dbname=mutu;charset=utf8mb4
[2026-03-20T21:30:30+08:00][sql] SHOW FULL COLUMNS FROM `admin` [ RunTime:0.000493s ]
[2026-03-20T21:30:30+08:00][sql] SELECT * FROM `admin` WHERE  `id` = 1 LIMIT 1 [ RunTime:0.000312s ]
[2026-03-20T21:30:30+08:00][sql] SHOW FULL COLUMNS FROM `user_member_order` [ RunTime:0.000398s ]
[2026-03-20T21:30:30+08:00][sql] SELECT COUNT(*) AS think_count FROM `user_member_order` [ RunTime:0.000215s ]
[2026-03-20T21:30:30+08:00][sql] SELECT * FROM `user_member_order` ORDER BY `id` DESC LIMIT 0,20 [ RunTime:0.000226s ]
