[2026-03-22T19:24:52+08:00][sql] CONNECT:[ UseTime:0.000427s ] mysql:host=127.0.0.1;port=3306;dbname=mutu;charset=utf8mb4
[2026-03-22T19:24:52+08:00][sql] SHOW FULL COLUMNS FROM `admin` [ RunTime:0.000487s ]
[2026-03-22T19:24:52+08:00][sql] SELECT * FROM `admin` WHERE  `username` = 'admin' LIMIT 1 [ RunTime:0.000320s ]
[2026-03-22T19:24:53+08:00][sql] UPDATE `admin`  SET `last_login_time` = 1774178693 , `update_time` = 1774178693  WHERE  (  `id` = 1 ) [ RunTime:0.000324s ]
[2026-03-22T19:24:53+08:00][sql] SHOW FULL COLUMNS FROM `operation_log` [ RunTime:0.000391s ]
[2026-03-22T19:24:53+08:00][sql] INSERT INTO `operation_log` SET `admin_id` = 1 , `action` = '管理员登录' , `ip` = '112.47.210.142' , `create_time` = 1774178693 [ RunTime:0.000237s ]
[2026-03-22T19:24:53+08:00][sql] CONNECT:[ UseTime:0.000424s ] mysql:host=127.0.0.1;port=3306;dbname=mutu;charset=utf8mb4
[2026-03-22T19:24:53+08:00][sql] SHOW FULL COLUMNS FROM `admin` [ RunTime:0.000559s ]
[2026-03-22T19:24:53+08:00][sql] SELECT * FROM `admin` WHERE  `id` = 1 LIMIT 1 [ RunTime:0.000319s ]
[2026-03-22T19:24:53+08:00][sql] SHOW FULL COLUMNS FROM `user_member_order` [ RunTime:0.000431s ]
[2026-03-22T19:24:53+08:00][sql] SELECT SUM(`price`) AS think_sum FROM `user_member_order` WHERE  `pay_status` = 1  AND `create_time` >= 1772294400 [ RunTime:0.000257s ]
[2026-03-22T19:24:53+08:00][sql] SHOW FULL COLUMNS FROM `goods_order` [ RunTime:0.000442s ]
[2026-03-22T19:24:53+08:00][sql] SELECT SUM(`actual_pay`) AS think_sum FROM `goods_order` WHERE  `pay_status` = 1  AND `create_time` >= 1772294400 [ RunTime:0.000248s ]
[2026-03-22T19:24:53+08:00][sql] SHOW FULL COLUMNS FROM `user` [ RunTime:0.000426s ]
[2026-03-22T19:24:53+08:00][sql] SELECT COUNT(*) AS think_count FROM `user` WHERE  `create_time` >= 1774108800 [ RunTime:0.000238s ]
[2026-03-22T19:24:53+08:00][sql] SELECT COUNT(*) AS think_count FROM `user_member_order` WHERE  `pay_status` = 1  AND `pay_time` >= 1774108800 [ RunTime:0.000246s ]
[2026-03-22T19:24:53+08:00][sql] SHOW FULL COLUMNS FROM `user_download_record` [ RunTime:0.000369s ]
[2026-03-22T19:24:53+08:00][sql] SELECT COUNT(*) AS think_count FROM `user_download_record` WHERE  `create_time` >= 1774108800 [ RunTime:0.000229s ]
[2026-03-22T19:24:53+08:00][sql] SHOW FULL COLUMNS FROM `distributor` [ RunTime:0.000423s ]
[2026-03-22T19:24:53+08:00][sql] SELECT SUM(`frozen_commission`) AS think_sum FROM `distributor` [ RunTime:0.000215s ]
[2026-03-22T19:24:53+08:00][sql] SHOW FULL COLUMNS FROM `complaint` [ RunTime:0.000407s ]
[2026-03-22T19:24:53+08:00][sql] SELECT COUNT(*) AS think_count FROM `complaint` WHERE  `status` = 0 [ RunTime:0.000229s ]
[2026-03-22T19:24:53+08:00][sql] SHOW FULL COLUMNS FROM `withdraw_apply` [ RunTime:0.000402s ]
[2026-03-22T19:24:53+08:00][sql] SELECT COUNT(*) AS think_count FROM `withdraw_apply` WHERE  `status` = 0 [ RunTime:0.000231s ]
[2026-03-22T19:24:53+08:00][sql] SELECT COUNT(*) AS think_count FROM `withdraw_apply` WHERE  `status` = 0  AND `create_time` < 1774092293 [ RunTime:0.000234s ]
[2026-03-22T19:24:53+08:00][sql] SELECT COUNT(*) AS think_count FROM `goods_order` WHERE  `pay_status` = 1  AND `shipping_status` = 0  AND `pay_time` < 1774005893 [ RunTime:0.000251s ]
[2026-03-22T19:25:05+08:00][sql] CONNECT:[ UseTime:0.000432s ] mysql:host=127.0.0.1;port=3306;dbname=mutu;charset=utf8mb4
[2026-03-22T19:25:05+08:00][sql] SHOW FULL COLUMNS FROM `admin` [ RunTime:0.000494s ]
[2026-03-22T19:25:05+08:00][sql] SELECT * FROM `admin` WHERE  `id` = 1 LIMIT 1 [ RunTime:0.000316s ]
[2026-03-22T19:25:05+08:00][sql] SHOW FULL COLUMNS FROM `resource_category` [ RunTime:0.000402s ]
[2026-03-22T19:25:05+08:00][sql] SELECT * FROM `resource_category` ORDER BY `sort` ASC [ RunTime:0.000247s ]
[2026-03-22T19:25:07+08:00][sql] CONNECT:[ UseTime:0.000405s ] mysql:host=127.0.0.1;port=3306;dbname=mutu;charset=utf8mb4
[2026-03-22T19:25:07+08:00][sql] SHOW FULL COLUMNS FROM `admin` [ RunTime:0.000480s ]
[2026-03-22T19:25:07+08:00][sql] SELECT * FROM `admin` WHERE  `id` = 1 LIMIT 1 [ RunTime:0.000280s ]
[2026-03-22T19:25:07+08:00][sql] SHOW FULL COLUMNS FROM `resource_category` [ RunTime:0.000376s ]
[2026-03-22T19:25:07+08:00][sql] SELECT * FROM `resource_category` ORDER BY `sort` ASC [ RunTime:0.000277s ]
[2026-03-22T19:25:07+08:00][sql] CONNECT:[ UseTime:0.000403s ] mysql:host=127.0.0.1;port=3306;dbname=mutu;charset=utf8mb4
[2026-03-22T19:25:07+08:00][sql] SHOW FULL COLUMNS FROM `admin` [ RunTime:0.000471s ]
[2026-03-22T19:25:07+08:00][sql] SELECT * FROM `admin` WHERE  `id` = 1 LIMIT 1 [ RunTime:0.000282s ]
[2026-03-22T19:25:07+08:00][sql] SHOW FULL COLUMNS FROM `resource` [ RunTime:0.000406s ]
[2026-03-22T19:25:07+08:00][sql] SELECT COUNT(*) AS think_count FROM `resource` [ RunTime:0.000226s ]
[2026-03-22T19:25:13+08:00][sql] CONNECT:[ UseTime:0.000424s ] mysql:host=127.0.0.1;port=3306;dbname=mutu;charset=utf8mb4
[2026-03-22T19:25:13+08:00][sql] SHOW FULL COLUMNS FROM `admin` [ RunTime:0.000527s ]
[2026-03-22T19:25:13+08:00][sql] SELECT * FROM `admin` WHERE  `id` = 1 LIMIT 1 [ RunTime:0.000291s ]
[2026-03-22T19:25:13+08:00][sql] SHOW FULL COLUMNS FROM `user_member_order` [ RunTime:0.000380s ]
[2026-03-22T19:25:13+08:00][sql] SELECT COUNT(*) AS think_count FROM `user_member_order` [ RunTime:0.000223s ]
[2026-03-22T19:25:13+08:00][sql] SELECT * FROM `user_member_order` ORDER BY `id` DESC LIMIT 0,20 [ RunTime:0.000255s ]
[2026-03-22T19:25:15+08:00][sql] CONNECT:[ UseTime:0.000393s ] mysql:host=127.0.0.1;port=3306;dbname=mutu;charset=utf8mb4
[2026-03-22T19:25:15+08:00][sql] SHOW FULL COLUMNS FROM `admin` [ RunTime:0.000465s ]
[2026-03-22T19:25:15+08:00][sql] SELECT * FROM `admin` WHERE  `id` = 1 LIMIT 1 [ RunTime:0.000291s ]
[2026-03-22T19:25:15+08:00][sql] SHOW FULL COLUMNS FROM `user_level` [ RunTime:0.000445s ]
[2026-03-22T19:25:15+08:00][sql] SELECT * FROM `user_level` ORDER BY `sort` ASC [ RunTime:0.000263s ]
[2026-03-22T19:25:34+08:00][sql] CONNECT:[ UseTime:0.000377s ] mysql:host=127.0.0.1;port=3306;dbname=mutu;charset=utf8mb4
[2026-03-22T19:25:34+08:00][sql] SHOW FULL COLUMNS FROM `admin` [ RunTime:0.000920s ]
[2026-03-22T19:25:34+08:00][sql] SELECT * FROM `admin` WHERE  `id` = 1 LIMIT 1 [ RunTime:0.000307s ]
[2026-03-22T19:25:34+08:00][sql] SHOW FULL COLUMNS FROM `user_level` [ RunTime:0.000444s ]
[2026-03-22T19:25:34+08:00][sql] SELECT * FROM `user_level` WHERE  `id` = 1 LIMIT 1 [ RunTime:0.000260s ]
[2026-03-22T19:25:34+08:00][sql] UPDATE `user_level`  SET `price` = '19.8' , `renew_price` = '15.8' , `update_time` = 1774178734  WHERE  (  `id` = 1 ) [ RunTime:0.000315s ]
[2026-03-22T19:25:34+08:00][sql] CONNECT:[ UseTime:0.000350s ] mysql:host=127.0.0.1;port=3306;dbname=mutu;charset=utf8mb4
[2026-03-22T19:25:34+08:00][sql] SHOW FULL COLUMNS FROM `admin` [ RunTime:0.000431s ]
[2026-03-22T19:25:34+08:00][sql] SELECT * FROM `admin` WHERE  `id` = 1 LIMIT 1 [ RunTime:0.000277s ]
[2026-03-22T19:25:34+08:00][sql] SHOW FULL COLUMNS FROM `user_level` [ RunTime:0.000395s ]
[2026-03-22T19:25:34+08:00][sql] SELECT * FROM `user_level` ORDER BY `sort` ASC [ RunTime:0.000275s ]
[2026-03-22T19:26:19+08:00][sql] CONNECT:[ UseTime:0.000409s ] mysql:host=127.0.0.1;port=3306;dbname=mutu;charset=utf8mb4
[2026-03-22T19:26:19+08:00][sql] SHOW FULL COLUMNS FROM `admin` [ RunTime:0.000489s ]
[2026-03-22T19:26:19+08:00][sql] SELECT * FROM `admin` WHERE  `id` = 1 LIMIT 1 [ RunTime:0.000292s ]
[2026-03-22T19:26:19+08:00][sql] SHOW FULL COLUMNS FROM `user_level` [ RunTime:0.000387s ]
[2026-03-22T19:26:19+08:00][sql] SELECT * FROM `user_level` WHERE  `id` = 1 LIMIT 1 [ RunTime:0.000259s ]
[2026-03-22T19:26:19+08:00][sql] UPDATE `user_level`  SET `price` = '29.8' , `renew_price` = '25.8' , `update_time` = 1774178779  WHERE  (  `id` = 1 ) [ RunTime:0.000274s ]
[2026-03-22T19:26:19+08:00][sql] CONNECT:[ UseTime:0.000440s ] mysql:host=127.0.0.1;port=3306;dbname=mutu;charset=utf8mb4
[2026-03-22T19:26:19+08:00][sql] SHOW FULL COLUMNS FROM `admin` [ RunTime:0.000524s ]
[2026-03-22T19:26:19+08:00][sql] SELECT * FROM `admin` WHERE  `id` = 1 LIMIT 1 [ RunTime:0.000286s ]
[2026-03-22T19:26:19+08:00][sql] SHOW FULL COLUMNS FROM `user_level` [ RunTime:0.000397s ]
[2026-03-22T19:26:19+08:00][sql] SELECT * FROM `user_level` ORDER BY `sort` ASC [ RunTime:0.000280s ]
[2026-03-22T19:27:11+08:00][sql] CONNECT:[ UseTime:0.000403s ] mysql:host=127.0.0.1;port=3306;dbname=mutu;charset=utf8mb4
[2026-03-22T19:27:11+08:00][sql] SHOW FULL COLUMNS FROM `admin` [ RunTime:0.000519s ]
[2026-03-22T19:27:11+08:00][sql] SELECT * FROM `admin` WHERE  `id` = 1 LIMIT 1 [ RunTime:0.000298s ]
[2026-03-22T19:27:11+08:00][sql] SHOW FULL COLUMNS FROM `user_level` [ RunTime:0.000402s ]
[2026-03-22T19:27:11+08:00][sql] SELECT * FROM `user_level` WHERE  `id` = 2 LIMIT 1 [ RunTime:0.000246s ]
[2026-03-22T19:27:11+08:00][sql] UPDATE `user_level`  SET `price` = '79.8' , `renew_price` = '69.8' , `update_time` = 1774178831  WHERE  (  `id` = 2 ) [ RunTime:0.000312s ]
[2026-03-22T19:27:11+08:00][sql] CONNECT:[ UseTime:0.000374s ] mysql:host=127.0.0.1;port=3306;dbname=mutu;charset=utf8mb4
[2026-03-22T19:27:11+08:00][sql] SHOW FULL COLUMNS FROM `admin` [ RunTime:0.000489s ]
[2026-03-22T19:27:11+08:00][sql] SELECT * FROM `admin` WHERE  `id` = 1 LIMIT 1 [ RunTime:0.000277s ]
[2026-03-22T19:27:11+08:00][sql] SHOW FULL COLUMNS FROM `user_level` [ RunTime:0.000382s ]
[2026-03-22T19:27:11+08:00][sql] SELECT * FROM `user_level` ORDER BY `sort` ASC [ RunTime:0.000265s ]
[2026-03-22T19:27:28+08:00][sql] CONNECT:[ UseTime:0.000425s ] mysql:host=127.0.0.1;port=3306;dbname=mutu;charset=utf8mb4
[2026-03-22T19:27:28+08:00][sql] SHOW FULL COLUMNS FROM `admin` [ RunTime:0.000553s ]
[2026-03-22T19:27:28+08:00][sql] SELECT * FROM `admin` WHERE  `id` = 1 LIMIT 1 [ RunTime:0.000284s ]
[2026-03-22T19:27:28+08:00][sql] SHOW FULL COLUMNS FROM `user_level` [ RunTime:0.000389s ]
[2026-03-22T19:27:28+08:00][sql] SELECT * FROM `user_level` WHERE  `id` = 3 LIMIT 1 [ RunTime:0.000254s ]
[2026-03-22T19:27:28+08:00][sql] UPDATE `user_level`  SET `price` = '299.8' , `renew_price` = '259.8' , `update_time` = 1774178848  WHERE  (  `id` = 3 ) [ RunTime:0.000292s ]
[2026-03-22T19:27:28+08:00][sql] CONNECT:[ UseTime:0.000356s ] mysql:host=127.0.0.1;port=3306;dbname=mutu;charset=utf8mb4
[2026-03-22T19:27:28+08:00][sql] SHOW FULL COLUMNS FROM `admin` [ RunTime:0.000499s ]
[2026-03-22T19:27:28+08:00][sql] SELECT * FROM `admin` WHERE  `id` = 1 LIMIT 1 [ RunTime:0.000271s ]
[2026-03-22T19:27:28+08:00][sql] SHOW FULL COLUMNS FROM `user_level` [ RunTime:0.000409s ]
[2026-03-22T19:27:28+08:00][sql] SELECT * FROM `user_level` ORDER BY `sort` ASC [ RunTime:0.000254s ]
[2026-03-22T19:28:13+08:00][sql] CONNECT:[ UseTime:0.000444s ] mysql:host=127.0.0.1;port=3306;dbname=mutu;charset=utf8mb4
[2026-03-22T19:28:13+08:00][sql] SHOW FULL COLUMNS FROM `admin` [ RunTime:0.000490s ]
[2026-03-22T19:28:13+08:00][sql] SELECT * FROM `admin` WHERE  `id` = 1 LIMIT 1 [ RunTime:0.000319s ]
[2026-03-22T19:28:13+08:00][sql] SHOW FULL COLUMNS FROM `user_level` [ RunTime:0.000414s ]
[2026-03-22T19:28:13+08:00][sql] SELECT * FROM `user_level` WHERE  `id` = 4 LIMIT 1 [ RunTime:0.000254s ]
[2026-03-22T19:28:13+08:00][sql] UPDATE `user_level`  SET `price` = '599.99' , `update_time` = 1774178893  WHERE  (  `id` = 4 ) [ RunTime:0.000311s ]
[2026-03-22T19:28:13+08:00][sql] CONNECT:[ UseTime:0.000375s ] mysql:host=127.0.0.1;port=3306;dbname=mutu;charset=utf8mb4
[2026-03-22T19:28:13+08:00][sql] SHOW FULL COLUMNS FROM `admin` [ RunTime:0.000477s ]
[2026-03-22T19:28:13+08:00][sql] SELECT * FROM `admin` WHERE  `id` = 1 LIMIT 1 [ RunTime:0.000284s ]
[2026-03-22T19:28:13+08:00][sql] SHOW FULL COLUMNS FROM `user_level` [ RunTime:0.000414s ]
[2026-03-22T19:28:13+08:00][sql] SELECT * FROM `user_level` ORDER BY `sort` ASC [ RunTime:0.000255s ]
[2026-03-22T19:28:38+08:00][sql] CONNECT:[ UseTime:0.000459s ] mysql:host=127.0.0.1;port=3306;dbname=mutu;charset=utf8mb4
[2026-03-22T19:28:38+08:00][sql] SHOW FULL COLUMNS FROM `admin` [ RunTime:0.000512s ]
[2026-03-22T19:28:38+08:00][sql] SELECT * FROM `admin` WHERE  `id` = 1 LIMIT 1 [ RunTime:0.000285s ]
[2026-03-22T19:28:38+08:00][sql] SHOW FULL COLUMNS FROM `user_member_order` [ RunTime:0.000502s ]
[2026-03-22T19:28:38+08:00][sql] SELECT COUNT(*) AS think_count FROM `user_member_order` [ RunTime:0.000227s ]
[2026-03-22T19:28:38+08:00][sql] SELECT * FROM `user_member_order` ORDER BY `id` DESC LIMIT 0,20 [ RunTime:0.000252s ]
[2026-03-22T19:28:39+08:00][sql] CONNECT:[ UseTime:0.000428s ] mysql:host=127.0.0.1;port=3306;dbname=mutu;charset=utf8mb4
[2026-03-22T19:28:39+08:00][sql] SHOW FULL COLUMNS FROM `admin` [ RunTime:0.000554s ]
[2026-03-22T19:28:39+08:00][sql] SELECT * FROM `admin` WHERE  `id` = 1 LIMIT 1 [ RunTime:0.000296s ]
[2026-03-22T19:28:39+08:00][sql] SHOW FULL COLUMNS FROM `user_level` [ RunTime:0.000385s ]
[2026-03-22T19:28:39+08:00][sql] SELECT * FROM `user_level` ORDER BY `sort` ASC [ RunTime:0.000265s ]
[2026-03-22T19:28:43+08:00][sql] CONNECT:[ UseTime:0.000453s ] mysql:host=127.0.0.1;port=3306;dbname=mutu;charset=utf8mb4
[2026-03-22T19:28:43+08:00][sql] SHOW FULL COLUMNS FROM `admin` [ RunTime:0.000594s ]
[2026-03-22T19:28:43+08:00][sql] SELECT * FROM `admin` WHERE  `id` = 1 LIMIT 1 [ RunTime:0.000336s ]
[2026-03-22T19:28:43+08:00][sql] SHOW FULL COLUMNS FROM `user_level` [ RunTime:0.000529s ]
[2026-03-22T19:28:43+08:00][sql] SELECT * FROM `user_level` ORDER BY `sort` ASC [ RunTime:0.000302s ]
[2026-03-22T19:28:43+08:00][sql] CONNECT:[ UseTime:0.000347s ] mysql:host=127.0.0.1;port=3306;dbname=mutu;charset=utf8mb4
[2026-03-22T19:28:43+08:00][sql] SHOW FULL COLUMNS FROM `admin` [ RunTime:0.000405s ]
[2026-03-22T19:28:43+08:00][sql] SELECT * FROM `admin` WHERE  `id` = 1 LIMIT 1 [ RunTime:0.000264s ]
[2026-03-22T19:28:43+08:00][sql] SHOW FULL COLUMNS FROM `user` [ RunTime:0.000423s ]
[2026-03-22T19:28:43+08:00][sql] SELECT COUNT(*) AS think_count FROM `user` [ RunTime:0.000228s ]
[2026-03-22T19:28:43+08:00][sql] SELECT * FROM `user` ORDER BY `id` DESC LIMIT 0,20 [ RunTime:0.000267s ]
[2026-03-22T19:28:43+08:00][sql] SHOW FULL COLUMNS FROM `user_level` [ RunTime:0.000425s ]
[2026-03-22T19:28:43+08:00][sql] SELECT `id`,`name` FROM `user_level` WHERE  (  `id` = 4 ) [ RunTime:0.000260s ]
[2026-03-22T19:28:50+08:00][sql] CONNECT:[ UseTime:0.000408s ] mysql:host=127.0.0.1;port=3306;dbname=mutu;charset=utf8mb4
[2026-03-22T19:28:50+08:00][sql] SHOW FULL COLUMNS FROM `admin` [ RunTime:0.000479s ]
[2026-03-22T19:28:50+08:00][sql] SELECT * FROM `admin` WHERE  `id` = 1 LIMIT 1 [ RunTime:0.000286s ]
[2026-03-22T19:28:50+08:00][sql] SHOW FULL COLUMNS FROM `user` [ RunTime:0.000418s ]
[2026-03-22T19:28:50+08:00][sql] SELECT * FROM `user` WHERE  `id` = 2 LIMIT 1 [ RunTime:0.000255s ]
[2026-03-22T19:28:50+08:00][sql] SHOW FULL COLUMNS FROM `user_level` [ RunTime:0.000374s ]
[2026-03-22T19:28:50+08:00][sql] SELECT * FROM `user_level` WHERE  `id` = 4 LIMIT 1 [ RunTime:0.000263s ]
[2026-03-22T19:28:50+08:00][sql] SHOW FULL COLUMNS FROM `user_download_record` [ RunTime:0.000382s ]
[2026-03-22T19:28:50+08:00][sql] SELECT COUNT(*) AS think_count FROM `user_download_record` WHERE  `user_id` = 2 [ RunTime:0.000259s ]
[2026-03-22T19:28:50+08:00][sql] SHOW FULL COLUMNS FROM `resource_order` [ RunTime:0.000376s ]
[2026-03-22T19:28:50+08:00][sql] SELECT COUNT(*) AS think_count FROM `resource_order` WHERE  `user_id` = 2 [ RunTime:0.000245s ]
[2026-03-22T19:28:50+08:00][sql] SELECT COUNT(*) AS think_count FROM `user` WHERE  `pid` = 2 [ RunTime:0.000263s ]
[2026-03-22T19:28:50+08:00][sql] CONNECT:[ UseTime:0.000415s ] mysql:host=127.0.0.1;port=3306;dbname=mutu;charset=utf8mb4
[2026-03-22T19:28:50+08:00][sql] SHOW FULL COLUMNS FROM `admin` [ RunTime:0.000587s ]
[2026-03-22T19:28:50+08:00][sql] SELECT * FROM `admin` WHERE  `id` = 1 LIMIT 1 [ RunTime:0.000325s ]
[2026-03-22T19:28:50+08:00][sql] SHOW FULL COLUMNS FROM `user_download_record` [ RunTime:0.000458s ]
[2026-03-22T19:28:50+08:00][sql] SELECT COUNT(*) AS think_count FROM `user_download_record` WHERE  `user_id` = 2 [ RunTime:0.000289s ]
[2026-03-22T19:28:50+08:00][sql] SELECT * FROM `user_download_record` WHERE  `user_id` = 2 ORDER BY `id` DESC LIMIT 0,10 [ RunTime:0.000317s ]
[2026-03-22T19:28:50+08:00][sql] CONNECT:[ UseTime:0.000349s ] mysql:host=127.0.0.1;port=3306;dbname=mutu;charset=utf8mb4
[2026-03-22T19:28:50+08:00][sql] SHOW FULL COLUMNS FROM `admin` [ RunTime:0.000504s ]
[2026-03-22T19:28:50+08:00][sql] SELECT * FROM `admin` WHERE  `id` = 1 LIMIT 1 [ RunTime:0.000301s ]
[2026-03-22T19:28:50+08:00][sql] SHOW FULL COLUMNS FROM `point_record` [ RunTime:0.000491s ]
[2026-03-22T19:28:50+08:00][sql] SELECT COUNT(*) AS think_count FROM `point_record` WHERE  `user_id` = 2 [ RunTime:0.000268s ]
[2026-03-22T19:28:50+08:00][sql] SELECT * FROM `point_record` WHERE  `user_id` = 2 ORDER BY `id` DESC LIMIT 0,10 [ RunTime:0.000285s ]
[2026-03-22T19:28:50+08:00][sql] CONNECT:[ UseTime:0.000348s ] mysql:host=127.0.0.1;port=3306;dbname=mutu;charset=utf8mb4
[2026-03-22T19:28:50+08:00][sql] SHOW FULL COLUMNS FROM `admin` [ RunTime:0.000443s ]
[2026-03-22T19:28:50+08:00][sql] SELECT * FROM `admin` WHERE  `id` = 1 LIMIT 1 [ RunTime:0.000293s ]
[2026-03-22T19:28:50+08:00][sql] SHOW FULL COLUMNS FROM `invite_record` [ RunTime:0.000442s ]
[2026-03-22T19:28:50+08:00][sql] SELECT COUNT(*) AS think_count FROM `invite_record` WHERE  `invite_user_id` = 2 [ RunTime:0.000283s ]
[2026-03-22T19:28:50+08:00][sql] SELECT * FROM `invite_record` WHERE  `invite_user_id` = 2 ORDER BY `id` DESC LIMIT 0,10 [ RunTime:0.000283s ]
[2026-03-22T19:29:01+08:00][sql] CONNECT:[ UseTime:0.000495s ] mysql:host=127.0.0.1;port=3306;dbname=mutu;charset=utf8mb4
[2026-03-22T19:29:01+08:00][sql] SHOW FULL COLUMNS FROM `admin` [ RunTime:0.000601s ]
[2026-03-22T19:29:01+08:00][sql] SELECT * FROM `admin` WHERE  `id` = 1 LIMIT 1 [ RunTime:0.000324s ]
[2026-03-22T19:29:01+08:00][sql] SHOW FULL COLUMNS FROM `user` [ RunTime:0.000532s ]
[2026-03-22T19:29:01+08:00][sql] SELECT COUNT(*) AS think_count FROM `user` [ RunTime:0.000268s ]
[2026-03-22T19:29:01+08:00][sql] SELECT * FROM `user` ORDER BY `id` DESC LIMIT 0,20 [ RunTime:0.000287s ]
[2026-03-22T19:29:01+08:00][sql] SHOW FULL COLUMNS FROM `user_level` [ RunTime:0.000515s ]
[2026-03-22T19:29:01+08:00][sql] SELECT `id`,`name` FROM `user_level` WHERE  (  `id` = 4 ) [ RunTime:0.000244s ]
[2026-03-22T19:29:01+08:00][sql] CONNECT:[ UseTime:0.000344s ] mysql:host=127.0.0.1;port=3306;dbname=mutu;charset=utf8mb4
[2026-03-22T19:29:01+08:00][sql] SHOW FULL COLUMNS FROM `admin` [ RunTime:0.000469s ]
[2026-03-22T19:29:01+08:00][sql] SELECT * FROM `admin` WHERE  `id` = 1 LIMIT 1 [ RunTime:0.000282s ]
[2026-03-22T19:29:01+08:00][sql] SHOW FULL COLUMNS FROM `user_level` [ RunTime:0.000470s ]
[2026-03-22T19:29:01+08:00][sql] SELECT * FROM `user_level` ORDER BY `sort` ASC [ RunTime:0.000326s ]
[2026-03-22T19:29:03+08:00][sql] CONNECT:[ UseTime:0.000419s ] mysql:host=127.0.0.1;port=3306;dbname=mutu;charset=utf8mb4
[2026-03-22T19:29:03+08:00][sql] SHOW FULL COLUMNS FROM `admin` [ RunTime:0.000505s ]
[2026-03-22T19:29:03+08:00][sql] SELECT * FROM `admin` WHERE  `id` = 1 LIMIT 1 [ RunTime:0.000300s ]
[2026-03-22T19:29:03+08:00][sql] SHOW FULL COLUMNS FROM `user` [ RunTime:0.000405s ]
[2026-03-22T19:29:03+08:00][sql] SELECT * FROM `user` WHERE  `id` = 1 LIMIT 1 [ RunTime:0.000258s ]
[2026-03-22T19:29:03+08:00][sql] SHOW FULL COLUMNS FROM `user_level` [ RunTime:0.000386s ]
[2026-03-22T19:29:03+08:00][sql] SELECT * FROM `user_level` WHERE  `id` = 4 LIMIT 1 [ RunTime:0.000276s ]
[2026-03-22T19:29:03+08:00][sql] SHOW FULL COLUMNS FROM `user_download_record` [ RunTime:0.000386s ]
[2026-03-22T19:29:03+08:00][sql] SELECT COUNT(*) AS think_count FROM `user_download_record` WHERE  `user_id` = 1 [ RunTime:0.000269s ]
[2026-03-22T19:29:03+08:00][sql] SHOW FULL COLUMNS FROM `resource_order` [ RunTime:0.000387s ]
[2026-03-22T19:29:03+08:00][sql] SELECT COUNT(*) AS think_count FROM `resource_order` WHERE  `user_id` = 1 [ RunTime:0.000254s ]
[2026-03-22T19:29:03+08:00][sql] SELECT COUNT(*) AS think_count FROM `user` WHERE  `pid` = 1 [ RunTime:0.000243s ]
[2026-03-22T19:29:03+08:00][sql] CONNECT:[ UseTime:0.005521s ] mysql:host=127.0.0.1;port=3306;dbname=mutu;charset=utf8mb4
[2026-03-22T19:29:03+08:00][sql] SHOW FULL COLUMNS FROM `admin` [ RunTime:0.000595s ]
[2026-03-22T19:29:03+08:00][sql] SELECT * FROM `admin` WHERE  `id` = 1 LIMIT 1 [ RunTime:0.000332s ]
[2026-03-22T19:29:03+08:00][sql] SHOW FULL COLUMNS FROM `invite_record` [ RunTime:0.000483s ]
[2026-03-22T19:29:03+08:00][sql] SELECT COUNT(*) AS think_count FROM `invite_record` WHERE  `invite_user_id` = 1 [ RunTime:0.000294s ]
[2026-03-22T19:29:03+08:00][sql] SELECT * FROM `invite_record` WHERE  `invite_user_id` = 1 ORDER BY `id` DESC LIMIT 0,10 [ RunTime:0.000315s ]
[2026-03-22T19:29:04+08:00][sql] CONNECT:[ UseTime:0.000362s ] mysql:host=127.0.0.1;port=3306;dbname=mutu;charset=utf8mb4
[2026-03-22T19:29:04+08:00][sql] SHOW FULL COLUMNS FROM `admin` [ RunTime:0.000498s ]
[2026-03-22T19:29:04+08:00][sql] SELECT * FROM `admin` WHERE  `id` = 1 LIMIT 1 [ RunTime:0.000315s ]
[2026-03-22T19:29:04+08:00][sql] SHOW FULL COLUMNS FROM `user_download_record` [ RunTime:0.000485s ]
[2026-03-22T19:29:04+08:00][sql] SELECT COUNT(*) AS think_count FROM `user_download_record` WHERE  `user_id` = 1 [ RunTime:0.000273s ]
[2026-03-22T19:29:04+08:00][sql] SELECT * FROM `user_download_record` WHERE  `user_id` = 1 ORDER BY `id` DESC LIMIT 0,10 [ RunTime:0.000295s ]
[2026-03-22T19:29:04+08:00][sql] CONNECT:[ UseTime:0.000393s ] mysql:host=127.0.0.1;port=3306;dbname=mutu;charset=utf8mb4
[2026-03-22T19:29:04+08:00][sql] SHOW FULL COLUMNS FROM `admin` [ RunTime:0.000438s ]
[2026-03-22T19:29:04+08:00][sql] SELECT * FROM `admin` WHERE  `id` = 1 LIMIT 1 [ RunTime:0.000300s ]
[2026-03-22T19:29:04+08:00][sql] SHOW FULL COLUMNS FROM `point_record` [ RunTime:0.000500s ]
[2026-03-22T19:29:04+08:00][sql] SELECT COUNT(*) AS think_count FROM `point_record` WHERE  `user_id` = 1 [ RunTime:0.000262s ]
[2026-03-22T19:29:04+08:00][sql] SELECT * FROM `point_record` WHERE  `user_id` = 1 ORDER BY `id` DESC LIMIT 0,10 [ RunTime:0.000261s ]
[2026-03-22T19:29:11+08:00][sql] CONNECT:[ UseTime:0.000421s ] mysql:host=127.0.0.1;port=3306;dbname=mutu;charset=utf8mb4
[2026-03-22T19:29:11+08:00][sql] SHOW FULL COLUMNS FROM `admin` [ RunTime:0.000526s ]
[2026-03-22T19:29:11+08:00][sql] SELECT * FROM `admin` WHERE  `id` = 1 LIMIT 1 [ RunTime:0.000297s ]
[2026-03-22T19:29:11+08:00][sql] SHOW FULL COLUMNS FROM `user` [ RunTime:0.000441s ]
[2026-03-22T19:29:11+08:00][sql] SELECT * FROM `user` WHERE  `id` = 1 LIMIT 1 [ RunTime:0.000255s ]
[2026-03-22T19:29:11+08:00][sql] UPDATE `user`  SET `balance` = '10110' , `update_time` = 1774178951  WHERE  (  `id` = 1 ) [ RunTime:0.000305s ]
[2026-03-22T19:29:11+08:00][sql] SHOW FULL COLUMNS FROM `balance_log` [ RunTime:0.000497s ]
[2026-03-22T19:29:11+08:00][sql] INSERT INTO `balance_log` SET `user_id` = 1 , `before` = '10110.01' , `after` = '10110' , `amount` = '-0.01' , `remark` = '管理员操作' , `create_time` = 1774178951 [ RunTime:0.000248s ]
[2026-03-22T19:29:11+08:00][sql] CONNECT:[ UseTime:0.000376s ] mysql:host=127.0.0.1;port=3306;dbname=mutu;charset=utf8mb4
[2026-03-22T19:29:11+08:00][sql] SHOW FULL COLUMNS FROM `admin` [ RunTime:0.000523s ]
[2026-03-22T19:29:11+08:00][sql] SELECT * FROM `admin` WHERE  `id` = 1 LIMIT 1 [ RunTime:0.000372s ]
[2026-03-22T19:29:11+08:00][sql] SHOW FULL COLUMNS FROM `user` [ RunTime:0.000416s ]
[2026-03-22T19:29:11+08:00][sql] SELECT * FROM `user` WHERE  `id` = 1 LIMIT 1 [ RunTime:0.000253s ]
[2026-03-22T19:29:11+08:00][sql] SHOW FULL COLUMNS FROM `user_level` [ RunTime:0.000383s ]
[2026-03-22T19:29:11+08:00][sql] SELECT * FROM `user_level` WHERE  `id` = 4 LIMIT 1 [ RunTime:0.000275s ]
[2026-03-22T19:29:11+08:00][sql] SHOW FULL COLUMNS FROM `user_download_record` [ RunTime:0.000364s ]
[2026-03-22T19:29:11+08:00][sql] SELECT COUNT(*) AS think_count FROM `user_download_record` WHERE  `user_id` = 1 [ RunTime:0.000278s ]
[2026-03-22T19:29:11+08:00][sql] SHOW FULL COLUMNS FROM `resource_order` [ RunTime:0.000391s ]
[2026-03-22T19:29:11+08:00][sql] SELECT COUNT(*) AS think_count FROM `resource_order` WHERE  `user_id` = 1 [ RunTime:0.000250s ]
[2026-03-22T19:29:11+08:00][sql] SELECT COUNT(*) AS think_count FROM `user` WHERE  `pid` = 1 [ RunTime:0.000247s ]
[2026-03-22T19:29:11+08:00][sql] CONNECT:[ UseTime:0.000411s ] mysql:host=127.0.0.1;port=3306;dbname=mutu;charset=utf8mb4
[2026-03-22T19:29:11+08:00][sql] SHOW FULL COLUMNS FROM `admin` [ RunTime:0.000533s ]
[2026-03-22T19:29:11+08:00][sql] SELECT * FROM `admin` WHERE  `id` = 1 LIMIT 1 [ RunTime:0.000337s ]
[2026-03-22T19:29:11+08:00][sql] SHOW FULL COLUMNS FROM `invite_record` [ RunTime:0.000527s ]
[2026-03-22T19:29:11+08:00][sql] SELECT COUNT(*) AS think_count FROM `invite_record` WHERE  `invite_user_id` = 1 [ RunTime:0.000307s ]
[2026-03-22T19:29:11+08:00][sql] SELECT * FROM `invite_record` WHERE  `invite_user_id` = 1 ORDER BY `id` DESC LIMIT 0,10 [ RunTime:0.000290s ]
[2026-03-22T19:29:11+08:00][sql] CONNECT:[ UseTime:0.000423s ] mysql:host=127.0.0.1;port=3306;dbname=mutu;charset=utf8mb4
[2026-03-22T19:29:11+08:00][sql] SHOW FULL COLUMNS FROM `admin` [ RunTime:0.000471s ]
[2026-03-22T19:29:11+08:00][sql] SELECT * FROM `admin` WHERE  `id` = 1 LIMIT 1 [ RunTime:0.000268s ]
[2026-03-22T19:29:11+08:00][sql] SHOW FULL COLUMNS FROM `point_record` [ RunTime:0.000469s ]
[2026-03-22T19:29:11+08:00][sql] SELECT COUNT(*) AS think_count FROM `point_record` WHERE  `user_id` = 1 [ RunTime:0.000259s ]
[2026-03-22T19:29:11+08:00][sql] SELECT * FROM `point_record` WHERE  `user_id` = 1 ORDER BY `id` DESC LIMIT 0,10 [ RunTime:0.000268s ]
[2026-03-22T19:29:11+08:00][sql] CONNECT:[ UseTime:0.000335s ] mysql:host=127.0.0.1;port=3306;dbname=mutu;charset=utf8mb4
[2026-03-22T19:29:11+08:00][sql] SHOW FULL COLUMNS FROM `admin` [ RunTime:0.000471s ]
[2026-03-22T19:29:11+08:00][sql] SELECT * FROM `admin` WHERE  `id` = 1 LIMIT 1 [ RunTime:0.000268s ]
[2026-03-22T19:29:11+08:00][sql] SHOW FULL COLUMNS FROM `user_download_record` [ RunTime:0.000460s ]
[2026-03-22T19:29:11+08:00][sql] SELECT COUNT(*) AS think_count FROM `user_download_record` WHERE  `user_id` = 1 [ RunTime:0.000259s ]
[2026-03-22T19:29:11+08:00][sql] SELECT * FROM `user_download_record` WHERE  `user_id` = 1 ORDER BY `id` DESC LIMIT 0,10 [ RunTime:0.000268s ]
[2026-03-22T19:29:22+08:00][sql] CONNECT:[ UseTime:0.000417s ] mysql:host=127.0.0.1;port=3306;dbname=mutu;charset=utf8mb4
[2026-03-22T19:29:22+08:00][sql] SHOW FULL COLUMNS FROM `admin` [ RunTime:0.000523s ]
[2026-03-22T19:29:22+08:00][sql] SELECT * FROM `admin` WHERE  `id` = 1 LIMIT 1 [ RunTime:0.000290s ]
[2026-03-22T19:29:22+08:00][sql] SHOW FULL COLUMNS FROM `user` [ RunTime:0.000411s ]
[2026-03-22T19:29:22+08:00][sql] SELECT * FROM `user` WHERE  `id` = 1 LIMIT 1 [ RunTime:0.000279s ]
[2026-03-22T19:29:22+08:00][sql] UPDATE `user`  SET `points` = 10000 , `update_time` = 1774178962  WHERE  (  `id` = 1 ) [ RunTime:0.000283s ]
[2026-03-22T19:29:22+08:00][sql] SHOW FULL COLUMNS FROM `point_record` [ RunTime:0.000379s ]
[2026-03-22T19:29:22+08:00][sql] INSERT INTO `point_record` SET `user_id` = 1 , `type` = 'system' , `points` = -2 , `balance` = 10000 , `remark` = '管理员操作' , `create_time` = 1774178962 [ RunTime:0.000239s ]
[2026-03-22T19:29:22+08:00][sql] CONNECT:[ UseTime:0.000414s ] mysql:host=127.0.0.1;port=3306;dbname=mutu;charset=utf8mb4
[2026-03-22T19:29:22+08:00][sql] SHOW FULL COLUMNS FROM `admin` [ RunTime:0.000506s ]
[2026-03-22T19:29:22+08:00][sql] SELECT * FROM `admin` WHERE  `id` = 1 LIMIT 1 [ RunTime:0.000282s ]
[2026-03-22T19:29:22+08:00][sql] SHOW FULL COLUMNS FROM `user` [ RunTime:0.000414s ]
[2026-03-22T19:29:22+08:00][sql] SELECT * FROM `user` WHERE  `id` = 1 LIMIT 1 [ RunTime:0.000276s ]
[2026-03-22T19:29:22+08:00][sql] SHOW FULL COLUMNS FROM `user_level` [ RunTime:0.000448s ]
[2026-03-22T19:29:22+08:00][sql] SELECT * FROM `user_level` WHERE  `id` = 4 LIMIT 1 [ RunTime:0.000289s ]
[2026-03-22T19:29:22+08:00][sql] SHOW FULL COLUMNS FROM `user_download_record` [ RunTime:0.000371s ]
[2026-03-22T19:29:22+08:00][sql] SELECT COUNT(*) AS think_count FROM `user_download_record` WHERE  `user_id` = 1 [ RunTime:0.000276s ]
[2026-03-22T19:29:22+08:00][sql] SHOW FULL COLUMNS FROM `resource_order` [ RunTime:0.000361s ]
[2026-03-22T19:29:22+08:00][sql] SELECT COUNT(*) AS think_count FROM `resource_order` WHERE  `user_id` = 1 [ RunTime:0.000239s ]
[2026-03-22T19:29:22+08:00][sql] SELECT COUNT(*) AS think_count FROM `user` WHERE  `pid` = 1 [ RunTime:0.000243s ]
[2026-03-22T19:29:22+08:00][sql] CONNECT:[ UseTime:0.005281s ] mysql:host=127.0.0.1;port=3306;dbname=mutu;charset=utf8mb4
[2026-03-22T19:29:22+08:00][sql] SHOW FULL COLUMNS FROM `admin` [ RunTime:0.000596s ]
[2026-03-22T19:29:22+08:00][sql] SELECT * FROM `admin` WHERE  `id` = 1 LIMIT 1 [ RunTime:0.000332s ]
[2026-03-22T19:29:22+08:00][sql] SHOW FULL COLUMNS FROM `invite_record` [ RunTime:0.000497s ]
[2026-03-22T19:29:22+08:00][sql] SELECT COUNT(*) AS think_count FROM `invite_record` WHERE  `invite_user_id` = 1 [ RunTime:0.000301s ]
[2026-03-22T19:29:22+08:00][sql] SELECT * FROM `invite_record` WHERE  `invite_user_id` = 1 ORDER BY `id` DESC LIMIT 0,10 [ RunTime:0.000330s ]
[2026-03-22T19:29:22+08:00][sql] CONNECT:[ UseTime:0.000451s ] mysql:host=127.0.0.1;port=3306;dbname=mutu;charset=utf8mb4
[2026-03-22T19:29:22+08:00][sql] SHOW FULL COLUMNS FROM `admin` [ RunTime:0.000547s ]
[2026-03-22T19:29:22+08:00][sql] SELECT * FROM `admin` WHERE  `id` = 1 LIMIT 1 [ RunTime:0.000373s ]
[2026-03-22T19:29:22+08:00][sql] SHOW FULL COLUMNS FROM `user_download_record` [ RunTime:0.000412s ]
[2026-03-22T19:29:22+08:00][sql] SELECT COUNT(*) AS think_count FROM `user_download_record` WHERE  `user_id` = 1 [ RunTime:0.000276s ]
[2026-03-22T19:29:22+08:00][sql] SELECT * FROM `user_download_record` WHERE  `user_id` = 1 ORDER BY `id` DESC LIMIT 0,10 [ RunTime:0.000283s ]
[2026-03-22T19:29:22+08:00][sql] CONNECT:[ UseTime:0.000333s ] mysql:host=127.0.0.1;port=3306;dbname=mutu;charset=utf8mb4
[2026-03-22T19:29:22+08:00][sql] SHOW FULL COLUMNS FROM `admin` [ RunTime:0.000466s ]
[2026-03-22T19:29:22+08:00][sql] SELECT * FROM `admin` WHERE  `id` = 1 LIMIT 1 [ RunTime:0.000274s ]
[2026-03-22T19:29:22+08:00][sql] SHOW FULL COLUMNS FROM `point_record` [ RunTime:0.000479s ]
[2026-03-22T19:29:22+08:00][sql] SELECT COUNT(*) AS think_count FROM `point_record` WHERE  `user_id` = 1 [ RunTime:0.000273s ]
[2026-03-22T19:29:22+08:00][sql] SELECT * FROM `point_record` WHERE  `user_id` = 1 ORDER BY `id` DESC LIMIT 0,10 [ RunTime:0.000321s ]
[2026-03-22T19:30:28+08:00][sql] CONNECT:[ UseTime:0.000413s ] mysql:host=127.0.0.1;port=3306;dbname=mutu;charset=utf8mb4
[2026-03-22T19:30:28+08:00][sql] SHOW FULL COLUMNS FROM `admin` [ RunTime:0.000488s ]
[2026-03-22T19:30:28+08:00][sql] SELECT * FROM `admin` WHERE  `id` = 1 LIMIT 1 [ RunTime:0.000303s ]
[2026-03-22T19:30:28+08:00][sql] SHOW FULL COLUMNS FROM `system_config` [ RunTime:0.000396s ]
[2026-03-22T19:30:28+08:00][sql] SELECT * FROM `system_config` [ RunTime:0.000261s ]
[2026-03-22T19:30:33+08:00][sql] CONNECT:[ UseTime:0.000423s ] mysql:host=127.0.0.1;port=3306;dbname=mutu;charset=utf8mb4
[2026-03-22T19:30:33+08:00][sql] SHOW FULL COLUMNS FROM `admin` [ RunTime:0.000519s ]
[2026-03-22T19:30:33+08:00][sql] SELECT * FROM `admin` WHERE  `id` = 1 LIMIT 1 [ RunTime:0.000296s ]
[2026-03-22T19:30:33+08:00][sql] SHOW FULL COLUMNS FROM `point_record` [ RunTime:0.000371s ]
[2026-03-22T19:30:33+08:00][sql] SELECT COUNT(*) AS think_count FROM `point_record` [ RunTime:0.000230s ]
[2026-03-22T19:30:33+08:00][sql] SELECT * FROM `point_record` ORDER BY `id` DESC LIMIT 0,20 [ RunTime:0.000249s ]
[2026-03-22T19:30:33+08:00][sql] SHOW FULL COLUMNS FROM `user` [ RunTime:0.000449s ]
[2026-03-22T19:30:33+08:00][sql] SELECT * FROM `user` WHERE  (  `id` = 1 ) [ RunTime:0.000285s ]
[2026-03-22T19:30:49+08:00][sql] CONNECT:[ UseTime:0.000433s ] mysql:host=127.0.0.1;port=3306;dbname=mutu;charset=utf8mb4
[2026-03-22T19:30:49+08:00][sql] SHOW FULL COLUMNS FROM `admin` [ RunTime:0.000516s ]
[2026-03-22T19:30:49+08:00][sql] SELECT * FROM `admin` WHERE  `id` = 1 LIMIT 1 [ RunTime:0.000293s ]
[2026-03-22T19:30:51+08:00][sql] CONNECT:[ UseTime:0.000422s ] mysql:host=127.0.0.1;port=3306;dbname=mutu;charset=utf8mb4
[2026-03-22T19:30:51+08:00][sql] SHOW FULL COLUMNS FROM `admin` [ RunTime:0.000503s ]
[2026-03-22T19:30:51+08:00][sql] SELECT * FROM `admin` WHERE  `id` = 1 LIMIT 1 [ RunTime:0.000295s ]
[2026-03-22T19:30:51+08:00][sql] SHOW FULL COLUMNS FROM `point_record` [ RunTime:0.000406s ]
[2026-03-22T19:30:51+08:00][sql] SELECT COUNT(*) AS think_count FROM `point_record` [ RunTime:0.000226s ]
[2026-03-22T19:30:51+08:00][sql] SELECT * FROM `point_record` ORDER BY `id` DESC LIMIT 0,20 [ RunTime:0.000236s ]
[2026-03-22T19:30:51+08:00][sql] SHOW FULL COLUMNS FROM `user` [ RunTime:0.000444s ]
[2026-03-22T19:30:51+08:00][sql] SELECT * FROM `user` WHERE  (  `id` = 1 ) [ RunTime:0.000272s ]
[2026-03-22T19:30:52+08:00][sql] CONNECT:[ UseTime:0.000463s ] mysql:host=127.0.0.1;port=3306;dbname=mutu;charset=utf8mb4
[2026-03-22T19:30:52+08:00][sql] SHOW FULL COLUMNS FROM `admin` [ RunTime:0.000492s ]
[2026-03-22T19:30:52+08:00][sql] SELECT * FROM `admin` WHERE  `id` = 1 LIMIT 1 [ RunTime:0.000306s ]
[2026-03-22T19:30:58+08:00][sql] CONNECT:[ UseTime:0.000404s ] mysql:host=127.0.0.1;port=3306;dbname=mutu;charset=utf8mb4
[2026-03-22T19:30:58+08:00][sql] SHOW FULL COLUMNS FROM `admin` [ RunTime:0.000529s ]
[2026-03-22T19:30:58+08:00][sql] SELECT * FROM `admin` WHERE  `id` = 1 LIMIT 1 [ RunTime:0.000289s ]
[2026-03-22T19:31:05+08:00][sql] CONNECT:[ UseTime:0.000437s ] mysql:host=127.0.0.1;port=3306;dbname=mutu;charset=utf8mb4
[2026-03-22T19:31:05+08:00][sql] SHOW FULL COLUMNS FROM `admin` [ RunTime:0.000533s ]
[2026-03-22T19:31:05+08:00][sql] SELECT * FROM `admin` WHERE  `id` = 1 LIMIT 1 [ RunTime:0.000296s ]
[2026-03-22T19:31:05+08:00][error] [10501]SQLSTATE[42S02]: Base table or view not found: 1146 Table 'mutu.config' doesn't exist[/www/wwwroot/du/mutu/vendor/topthink/think-orm/src/db/PDOConnection.php:836]
[2026-03-22T19:31:16+08:00][sql] CONNECT:[ UseTime:0.000406s ] mysql:host=127.0.0.1;port=3306;dbname=mutu;charset=utf8mb4
[2026-03-22T19:31:16+08:00][sql] SHOW FULL COLUMNS FROM `admin` [ RunTime:0.000495s ]
[2026-03-22T19:31:16+08:00][sql] SELECT * FROM `admin` WHERE  `id` = 1 LIMIT 1 [ RunTime:0.000313s ]
[2026-03-22T19:31:16+08:00][sql] SHOW FULL COLUMNS FROM `invite_record` [ RunTime:0.000416s ]
[2026-03-22T19:31:16+08:00][sql] SELECT COUNT(*) AS think_count FROM `invite_record` [ RunTime:0.000218s ]
[2026-03-22T19:31:16+08:00][sql] SELECT * FROM `invite_record` ORDER BY `id` DESC LIMIT 0,20 [ RunTime:0.000231s ]
[2026-03-22T19:31:25+08:00][sql] CONNECT:[ UseTime:0.001122s ] mysql:host=127.0.0.1;port=3306;dbname=mutu;charset=utf8mb4
[2026-03-22T19:31:25+08:00][sql] SHOW FULL COLUMNS FROM `admin` [ RunTime:0.000455s ]
[2026-03-22T19:31:25+08:00][sql] SELECT * FROM `admin` WHERE  `id` = 1 LIMIT 1 [ RunTime:0.000271s ]
[2026-03-22T19:31:25+08:00][sql] SHOW FULL COLUMNS FROM `user_level` [ RunTime:0.000443s ]
[2026-03-22T19:31:25+08:00][sql] SELECT * FROM `user_level` ORDER BY `sort` ASC [ RunTime:0.000266s ]
[2026-03-22T19:31:25+08:00][sql] CONNECT:[ UseTime:0.000446s ] mysql:host=127.0.0.1;port=3306;dbname=mutu;charset=utf8mb4
[2026-03-22T19:31:25+08:00][sql] SHOW FULL COLUMNS FROM `admin` [ RunTime:0.000581s ]
[2026-03-22T19:31:25+08:00][sql] SELECT * FROM `admin` WHERE  `id` = 1 LIMIT 1 [ RunTime:0.000367s ]
[2026-03-22T19:31:25+08:00][sql] SHOW FULL COLUMNS FROM `user` [ RunTime:0.000498s ]
[2026-03-22T19:31:25+08:00][sql] SELECT COUNT(*) AS think_count FROM `user` [ RunTime:0.000251s ]
[2026-03-22T19:31:25+08:00][sql] SELECT * FROM `user` ORDER BY `id` DESC LIMIT 0,20 [ RunTime:0.000268s ]
[2026-03-22T19:31:25+08:00][sql] SHOW FULL COLUMNS FROM `user_level` [ RunTime:0.000522s ]
[2026-03-22T19:31:25+08:00][sql] SELECT `id`,`name` FROM `user_level` WHERE  (  `id` = 4 ) [ RunTime:0.000711s ]
[2026-03-22T19:31:29+08:00][sql] CONNECT:[ UseTime:0.000415s ] mysql:host=127.0.0.1;port=3306;dbname=mutu;charset=utf8mb4
[2026-03-22T19:31:29+08:00][sql] SHOW FULL COLUMNS FROM `admin` [ RunTime:0.000490s ]
[2026-03-22T19:31:29+08:00][sql] SELECT * FROM `admin` WHERE  `id` = 1 LIMIT 1 [ RunTime:0.000322s ]
[2026-03-22T19:31:29+08:00][sql] SHOW FULL COLUMNS FROM `user` [ RunTime:0.000406s ]
[2026-03-22T19:31:29+08:00][sql] SELECT * FROM `user` WHERE  `id` = 1 LIMIT 1 [ RunTime:0.000274s ]
[2026-03-22T19:31:29+08:00][sql] SHOW FULL COLUMNS FROM `user_level` [ RunTime:0.000398s ]
[2026-03-22T19:31:29+08:00][sql] SELECT * FROM `user_level` WHERE  `id` = 4 LIMIT 1 [ RunTime:0.000283s ]
[2026-03-22T19:31:29+08:00][sql] SHOW FULL COLUMNS FROM `user_download_record` [ RunTime:0.000359s ]
[2026-03-22T19:31:29+08:00][sql] SELECT COUNT(*) AS think_count FROM `user_download_record` WHERE  `user_id` = 1 [ RunTime:0.000266s ]
[2026-03-22T19:31:29+08:00][sql] SHOW FULL COLUMNS FROM `resource_order` [ RunTime:0.000383s ]
[2026-03-22T19:31:29+08:00][sql] SELECT COUNT(*) AS think_count FROM `resource_order` WHERE  `user_id` = 1 [ RunTime:0.000238s ]
[2026-03-22T19:31:29+08:00][sql] SELECT COUNT(*) AS think_count FROM `user` WHERE  `pid` = 1 [ RunTime:0.000245s ]
[2026-03-22T19:31:29+08:00][sql] CONNECT:[ UseTime:0.000493s ] mysql:host=127.0.0.1;port=3306;dbname=mutu;charset=utf8mb4
[2026-03-22T19:31:29+08:00][sql] SHOW FULL COLUMNS FROM `admin` [ RunTime:0.000716s ]
[2026-03-22T19:31:29+08:00][sql] SELECT * FROM `admin` WHERE  `id` = 1 LIMIT 1 [ RunTime:0.000340s ]
[2026-03-22T19:31:29+08:00][sql] SHOW FULL COLUMNS FROM `user_download_record` [ RunTime:0.000432s ]
[2026-03-22T19:31:29+08:00][sql] SELECT COUNT(*) AS think_count FROM `user_download_record` WHERE  `user_id` = 1 [ RunTime:0.000284s ]
[2026-03-22T19:31:29+08:00][sql] SELECT * FROM `user_download_record` WHERE  `user_id` = 1 ORDER BY `id` DESC LIMIT 0,10 [ RunTime:0.000280s ]
[2026-03-22T19:31:29+08:00][sql] CONNECT:[ UseTime:0.000493s ] mysql:host=127.0.0.1;port=3306;dbname=mutu;charset=utf8mb4
[2026-03-22T19:31:29+08:00][sql] SHOW FULL COLUMNS FROM `admin` [ RunTime:0.000413s ]
[2026-03-22T19:31:29+08:00][sql] SELECT * FROM `admin` WHERE  `id` = 1 LIMIT 1 [ RunTime:0.000330s ]
[2026-03-22T19:31:29+08:00][sql] SHOW FULL COLUMNS FROM `point_record` [ RunTime:0.000432s ]
[2026-03-22T19:31:29+08:00][sql] SELECT COUNT(*) AS think_count FROM `point_record` WHERE  `user_id` = 1 [ RunTime:0.000284s ]
[2026-03-22T19:31:29+08:00][sql] SELECT * FROM `point_record` WHERE  `user_id` = 1 ORDER BY `id` DESC LIMIT 0,10 [ RunTime:0.000280s ]
[2026-03-22T19:31:29+08:00][sql] CONNECT:[ UseTime:0.000419s ] mysql:host=127.0.0.1;port=3306;dbname=mutu;charset=utf8mb4
[2026-03-22T19:31:29+08:00][sql] SHOW FULL COLUMNS FROM `admin` [ RunTime:0.000501s ]
[2026-03-22T19:31:29+08:00][sql] SELECT * FROM `admin` WHERE  `id` = 1 LIMIT 1 [ RunTime:0.000289s ]
[2026-03-22T19:31:29+08:00][sql] SHOW FULL COLUMNS FROM `invite_record` [ RunTime:0.000396s ]
[2026-03-22T19:31:29+08:00][sql] SELECT COUNT(*) AS think_count FROM `invite_record` WHERE  `invite_user_id` = 1 [ RunTime:0.000289s ]
[2026-03-22T19:31:29+08:00][sql] SELECT * FROM `invite_record` WHERE  `invite_user_id` = 1 ORDER BY `id` DESC LIMIT 0,10 [ RunTime:0.000263s ]
[2026-03-22T19:31:44+08:00][sql] CONNECT:[ UseTime:0.000417s ] mysql:host=127.0.0.1;port=3306;dbname=mutu;charset=utf8mb4
[2026-03-22T19:31:44+08:00][sql] SHOW FULL COLUMNS FROM `admin` [ RunTime:0.000474s ]
[2026-03-22T19:31:44+08:00][sql] SELECT * FROM `admin` WHERE  `id` = 1 LIMIT 1 [ RunTime:0.000283s ]
[2026-03-22T19:31:44+08:00][sql] SHOW FULL COLUMNS FROM `invite_record` [ RunTime:0.000406s ]
[2026-03-22T19:31:44+08:00][sql] SELECT COUNT(*) AS think_count FROM `invite_record` [ RunTime:0.000232s ]
[2026-03-22T19:31:44+08:00][sql] SELECT * FROM `invite_record` ORDER BY `id` DESC LIMIT 0,20 [ RunTime:0.000220s ]
[2026-03-22T19:32:01+08:00][sql] CONNECT:[ UseTime:0.000433s ] mysql:host=127.0.0.1;port=3306;dbname=mutu;charset=utf8mb4
[2026-03-22T19:32:01+08:00][sql] SHOW FULL COLUMNS FROM `admin` [ RunTime:0.000495s ]
[2026-03-22T19:32:01+08:00][sql] SELECT * FROM `admin` WHERE  `id` = 1 LIMIT 1 [ RunTime:0.000297s ]
[2026-03-22T19:32:01+08:00][sql] SHOW FULL COLUMNS FROM `invite_record` [ RunTime:0.000381s ]
[2026-03-22T19:32:01+08:00][sql] SELECT COUNT(*) AS think_count FROM `invite_record` WHERE  `invite_user_id` = 77 [ RunTime:0.000270s ]
[2026-03-22T19:32:01+08:00][sql] SELECT * FROM `invite_record` WHERE  `invite_user_id` = 77 ORDER BY `id` DESC LIMIT 0,20 [ RunTime:0.000264s ]
[2026-03-22T19:32:02+08:00][sql] CONNECT:[ UseTime:0.000451s ] mysql:host=127.0.0.1;port=3306;dbname=mutu;charset=utf8mb4
[2026-03-22T19:32:02+08:00][sql] SHOW FULL COLUMNS FROM `admin` [ RunTime:0.000480s ]
[2026-03-22T19:32:02+08:00][sql] SELECT * FROM `admin` WHERE  `id` = 1 LIMIT 1 [ RunTime:0.000289s ]
[2026-03-22T19:32:02+08:00][sql] SHOW FULL COLUMNS FROM `invite_record` [ RunTime:0.000379s ]
[2026-03-22T19:32:02+08:00][sql] SELECT COUNT(*) AS think_count FROM `invite_record` WHERE  `invite_user_id` = 77 [ RunTime:0.000251s ]
[2026-03-22T19:32:02+08:00][sql] SELECT * FROM `invite_record` WHERE  `invite_user_id` = 77 ORDER BY `id` DESC LIMIT 0,20 [ RunTime:0.000261s ]
[2026-03-22T19:32:08+08:00][sql] CONNECT:[ UseTime:0.000428s ] mysql:host=127.0.0.1;port=3306;dbname=mutu;charset=utf8mb4
[2026-03-22T19:32:08+08:00][sql] SHOW FULL COLUMNS FROM `admin` [ RunTime:0.000498s ]
[2026-03-22T19:32:08+08:00][sql] SELECT * FROM `admin` WHERE  `id` = 1 LIMIT 1 [ RunTime:0.000300s ]
[2026-03-22T19:32:08+08:00][sql] SHOW FULL COLUMNS FROM `goods_category` [ RunTime:0.000379s ]
[2026-03-22T19:32:08+08:00][sql] SELECT * FROM `goods_category` ORDER BY `sort` ASC [ RunTime:0.000262s ]
[2026-03-22T19:32:10+08:00][sql] CONNECT:[ UseTime:0.000465s ] mysql:host=127.0.0.1;port=3306;dbname=mutu;charset=utf8mb4
[2026-03-22T19:32:10+08:00][sql] SHOW FULL COLUMNS FROM `admin` [ RunTime:0.000601s ]
[2026-03-22T19:32:10+08:00][sql] SELECT * FROM `admin` WHERE  `id` = 1 LIMIT 1 [ RunTime:0.000334s ]
[2026-03-22T19:32:10+08:00][sql] SHOW FULL COLUMNS FROM `goods` [ RunTime:0.000525s ]
[2026-03-22T19:32:10+08:00][sql] SELECT COUNT(*) AS think_count FROM `goods` [ RunTime:0.000255s ]
[2026-03-22T19:32:10+08:00][sql] SELECT * FROM `goods` ORDER BY `id` DESC LIMIT 0,20 [ RunTime:0.000300s ]
[2026-03-22T19:32:10+08:00][sql] CONNECT:[ UseTime:0.000353s ] mysql:host=127.0.0.1;port=3306;dbname=mutu;charset=utf8mb4
[2026-03-22T19:32:10+08:00][sql] SHOW FULL COLUMNS FROM `admin` [ RunTime:0.000443s ]
[2026-03-22T19:32:10+08:00][sql] SELECT * FROM `admin` WHERE  `id` = 1 LIMIT 1 [ RunTime:0.000304s ]
[2026-03-22T19:32:10+08:00][sql] SHOW FULL COLUMNS FROM `goods_category` [ RunTime:0.000507s ]
[2026-03-22T19:32:10+08:00][sql] SELECT * FROM `goods_category` ORDER BY `sort` ASC [ RunTime:0.000275s ]
[2026-03-22T19:33:03+08:00][sql] CONNECT:[ UseTime:0.000446s ] mysql:host=127.0.0.1;port=3306;dbname=mutu;charset=utf8mb4
[2026-03-22T19:33:03+08:00][sql] SHOW FULL COLUMNS FROM `admin` [ RunTime:0.000527s ]
[2026-03-22T19:33:03+08:00][sql] SELECT * FROM `admin` WHERE  `id` = 1 LIMIT 1 [ RunTime:0.000304s ]
[2026-03-22T19:33:03+08:00][sql] SHOW FULL COLUMNS FROM `goods_category` [ RunTime:0.000399s ]
[2026-03-22T19:33:03+08:00][sql] SELECT * FROM `goods_category` ORDER BY `sort` ASC [ RunTime:0.000255s ]
[2026-03-22T19:33:06+08:00][sql] CONNECT:[ UseTime:0.000409s ] mysql:host=127.0.0.1;port=3306;dbname=mutu;charset=utf8mb4
[2026-03-22T19:33:06+08:00][sql] SHOW FULL COLUMNS FROM `admin` [ RunTime:0.000483s ]
[2026-03-22T19:33:06+08:00][sql] SELECT * FROM `admin` WHERE  `id` = 1 LIMIT 1 [ RunTime:0.000288s ]
[2026-03-22T19:33:06+08:00][sql] SHOW FULL COLUMNS FROM `goods_order` [ RunTime:0.000420s ]
[2026-03-22T19:33:06+08:00][sql] SELECT COUNT(*) AS think_count FROM `goods_order` [ RunTime:0.000227s ]
[2026-03-22T19:33:06+08:00][sql] SELECT * FROM `goods_order` ORDER BY `id` DESC LIMIT 0,20 [ RunTime:0.000251s ]
[2026-03-22T19:33:09+08:00][sql] CONNECT:[ UseTime:0.000437s ] mysql:host=127.0.0.1;port=3306;dbname=mutu;charset=utf8mb4
[2026-03-22T19:33:09+08:00][sql] SHOW FULL COLUMNS FROM `admin` [ RunTime:0.000483s ]
[2026-03-22T19:33:09+08:00][sql] SELECT * FROM `admin` WHERE  `id` = 1 LIMIT 1 [ RunTime:0.000301s ]
[2026-03-22T19:33:09+08:00][sql] SHOW FULL COLUMNS FROM `user_member_order` [ RunTime:0.000399s ]
[2026-03-22T19:33:09+08:00][sql] SELECT COUNT(*) AS think_count FROM `user_member_order` [ RunTime:0.000236s ]
[2026-03-22T19:33:09+08:00][sql] SELECT * FROM `user_member_order` ORDER BY `id` DESC LIMIT 0,20 [ RunTime:0.000228s ]
[2026-03-22T19:33:11+08:00][sql] CONNECT:[ UseTime:0.000451s ] mysql:host=127.0.0.1;port=3306;dbname=mutu;charset=utf8mb4
[2026-03-22T19:33:11+08:00][sql] SHOW FULL COLUMNS FROM `admin` [ RunTime:0.000505s ]
[2026-03-22T19:33:11+08:00][sql] SELECT * FROM `admin` WHERE  `id` = 1 LIMIT 1 [ RunTime:0.000297s ]
[2026-03-22T19:33:14+08:00][sql] CONNECT:[ UseTime:0.000409s ] mysql:host=127.0.0.1;port=3306;dbname=mutu;charset=utf8mb4
[2026-03-22T19:33:14+08:00][sql] SHOW FULL COLUMNS FROM `admin` [ RunTime:0.000508s ]
[2026-03-22T19:33:14+08:00][sql] SELECT * FROM `admin` WHERE  `id` = 1 LIMIT 1 [ RunTime:0.000337s ]
[2026-03-22T19:33:15+08:00][sql] CONNECT:[ UseTime:0.000447s ] mysql:host=127.0.0.1;port=3306;dbname=mutu;charset=utf8mb4
[2026-03-22T19:33:15+08:00][sql] SHOW FULL COLUMNS FROM `admin` [ RunTime:0.000492s ]
[2026-03-22T19:33:15+08:00][sql] SELECT * FROM `admin` WHERE  `id` = 1 LIMIT 1 [ RunTime:0.000327s ]
[2026-03-22T19:33:15+08:00][sql] SHOW FULL COLUMNS FROM `user_member_order` [ RunTime:0.000434s ]
[2026-03-22T19:33:15+08:00][sql] SELECT COUNT(*) AS think_count FROM `user_member_order` [ RunTime:0.000219s ]
[2026-03-22T19:33:15+08:00][sql] SELECT * FROM `user_member_order` ORDER BY `id` DESC LIMIT 0,20 [ RunTime:0.000238s ]
[2026-03-22T19:33:26+08:00][sql] CONNECT:[ UseTime:0.000433s ] mysql:host=127.0.0.1;port=3306;dbname=mutu;charset=utf8mb4
[2026-03-22T19:33:26+08:00][sql] SHOW FULL COLUMNS FROM `admin` [ RunTime:0.000489s ]
[2026-03-22T19:33:26+08:00][sql] SELECT * FROM `admin` WHERE  `id` = 1 LIMIT 1 [ RunTime:0.000306s ]
[2026-03-22T19:33:26+08:00][sql] SHOW FULL COLUMNS FROM `ad_config` [ RunTime:0.000430s ]
[2026-03-22T19:33:26+08:00][sql] SELECT * FROM `ad_config` ORDER BY `sort` ASC [ RunTime:0.000237s ]
[2026-03-22T19:33:28+08:00][sql] CONNECT:[ UseTime:0.000458s ] mysql:host=127.0.0.1;port=3306;dbname=mutu;charset=utf8mb4
[2026-03-22T19:33:28+08:00][sql] SHOW FULL COLUMNS FROM `admin` [ RunTime:0.000542s ]
[2026-03-22T19:33:28+08:00][sql] SELECT * FROM `admin` WHERE  `id` = 1 LIMIT 1 [ RunTime:0.000291s ]
[2026-03-22T19:33:28+08:00][sql] SHOW FULL COLUMNS FROM `ad_stat` [ RunTime:0.000416s ]
[2026-03-22T19:33:28+08:00][sql] SELECT * FROM `ad_stat` WHERE  `date` = '2026-03-22' [ RunTime:0.000247s ]
[2026-03-22T19:33:32+08:00][sql] CONNECT:[ UseTime:0.000408s ] mysql:host=127.0.0.1;port=3306;dbname=mutu;charset=utf8mb4
[2026-03-22T19:33:32+08:00][sql] SHOW FULL COLUMNS FROM `admin` [ RunTime:0.000523s ]
[2026-03-22T19:33:32+08:00][sql] SELECT * FROM `admin` WHERE  `id` = 1 LIMIT 1 [ RunTime:0.000299s ]
[2026-03-22T19:33:34+08:00][sql] CONNECT:[ UseTime:0.000410s ] mysql:host=127.0.0.1;port=3306;dbname=mutu;charset=utf8mb4
[2026-03-22T19:33:34+08:00][sql] SHOW FULL COLUMNS FROM `admin` [ RunTime:0.000493s ]
[2026-03-22T19:33:34+08:00][sql] SELECT * FROM `admin` WHERE  `id` = 1 LIMIT 1 [ RunTime:0.000287s ]
[2026-03-22T19:33:34+08:00][sql] SHOW FULL COLUMNS FROM `distributor` [ RunTime:0.000384s ]
[2026-03-22T19:33:34+08:00][sql] SELECT COUNT(*) AS think_count FROM `distributor` WHERE  `status` = 0 [ RunTime:0.000246s ]
[2026-03-22T19:33:34+08:00][sql] SELECT * FROM `distributor` WHERE  `status` = 0 ORDER BY `id` DESC LIMIT 0,20 [ RunTime:0.000272s ]
[2026-03-22T19:33:36+08:00][sql] CONNECT:[ UseTime:0.000420s ] mysql:host=127.0.0.1;port=3306;dbname=mutu;charset=utf8mb4
[2026-03-22T19:33:36+08:00][sql] SHOW FULL COLUMNS FROM `admin` [ RunTime:0.000497s ]
[2026-03-22T19:33:36+08:00][sql] SELECT * FROM `admin` WHERE  `id` = 1 LIMIT 1 [ RunTime:0.000299s ]
[2026-03-22T19:33:36+08:00][sql] SHOW FULL COLUMNS FROM `distributor_order` [ RunTime:0.000445s ]
[2026-03-22T19:33:36+08:00][sql] SELECT COUNT(*) AS think_count FROM `distributor_order` [ RunTime:0.000218s ]
[2026-03-22T19:33:36+08:00][sql] SELECT * FROM `distributor_order` ORDER BY `id` DESC LIMIT 0,20 [ RunTime:0.000239s ]
[2026-03-22T19:33:38+08:00][sql] CONNECT:[ UseTime:0.000420s ] mysql:host=127.0.0.1;port=3306;dbname=mutu;charset=utf8mb4
[2026-03-22T19:33:38+08:00][sql] SHOW FULL COLUMNS FROM `admin` [ RunTime:0.000464s ]
[2026-03-22T19:33:38+08:00][sql] SELECT * FROM `admin` WHERE  `id` = 1 LIMIT 1 [ RunTime:0.000281s ]
[2026-03-22T19:33:38+08:00][sql] SHOW FULL COLUMNS FROM `withdraw_apply` [ RunTime:0.000393s ]
[2026-03-22T19:33:38+08:00][sql] SELECT COUNT(*) AS think_count FROM `withdraw_apply` WHERE  `status` = 0 [ RunTime:0.000250s ]
[2026-03-22T19:33:38+08:00][sql] SELECT * FROM `withdraw_apply` WHERE  `status` = 0 ORDER BY `id` DESC LIMIT 0,20 [ RunTime:0.000244s ]
[2026-03-22T19:33:42+08:00][sql] CONNECT:[ UseTime:0.000449s ] mysql:host=127.0.0.1;port=3306;dbname=mutu;charset=utf8mb4
[2026-03-22T19:33:42+08:00][sql] SHOW FULL COLUMNS FROM `admin` [ RunTime:0.000513s ]
[2026-03-22T19:33:42+08:00][sql] SELECT * FROM `admin` WHERE  `id` = 1 LIMIT 1 [ RunTime:0.000299s ]
[2026-03-22T19:33:42+08:00][sql] SHOW FULL COLUMNS FROM `message_template` [ RunTime:0.000414s ]
[2026-03-22T19:33:42+08:00][sql] SELECT * FROM `message_template` [ RunTime:0.000247s ]
[2026-03-22T19:33:44+08:00][sql] CONNECT:[ UseTime:0.000433s ] mysql:host=127.0.0.1;port=3306;dbname=mutu;charset=utf8mb4
[2026-03-22T19:33:44+08:00][sql] SHOW FULL COLUMNS FROM `admin` [ RunTime:0.000508s ]
[2026-03-22T19:33:44+08:00][sql] SELECT * FROM `admin` WHERE  `id` = 1 LIMIT 1 [ RunTime:0.000298s ]
[2026-03-22T19:33:44+08:00][sql] SHOW FULL COLUMNS FROM `message_config` [ RunTime:0.000396s ]
[2026-03-22T19:33:44+08:00][sql] SELECT * FROM `message_config` [ RunTime:0.000226s ]
[2026-03-22T19:33:46+08:00][sql] CONNECT:[ UseTime:0.000441s ] mysql:host=127.0.0.1;port=3306;dbname=mutu;charset=utf8mb4
[2026-03-22T19:33:46+08:00][sql] SHOW FULL COLUMNS FROM `admin` [ RunTime:0.000492s ]
[2026-03-22T19:33:46+08:00][sql] SELECT * FROM `admin` WHERE  `id` = 1 LIMIT 1 [ RunTime:0.000303s ]
[2026-03-22T19:33:46+08:00][sql] SHOW FULL COLUMNS FROM `message_log` [ RunTime:0.000410s ]
[2026-03-22T19:33:46+08:00][sql] SELECT COUNT(*) AS think_count FROM `message_log` [ RunTime:0.000218s ]
[2026-03-22T19:33:46+08:00][sql] SELECT * FROM `message_log` ORDER BY `id` DESC LIMIT 0,20 [ RunTime:0.000229s ]
[2026-03-22T19:33:49+08:00][sql] CONNECT:[ UseTime:0.000411s ] mysql:host=127.0.0.1;port=3306;dbname=mutu;charset=utf8mb4
[2026-03-22T19:33:49+08:00][sql] SHOW FULL COLUMNS FROM `admin` [ RunTime:0.000499s ]
[2026-03-22T19:33:49+08:00][sql] SELECT * FROM `admin` WHERE  `id` = 1 LIMIT 1 [ RunTime:0.000297s ]
[2026-03-22T19:34:38+08:00][sql] CONNECT:[ UseTime:0.000452s ] mysql:host=127.0.0.1;port=3306;dbname=mutu;charset=utf8mb4
[2026-03-22T19:34:38+08:00][sql] SHOW FULL COLUMNS FROM `admin` [ RunTime:0.000494s ]
[2026-03-22T19:34:38+08:00][sql] SELECT * FROM `admin` WHERE  `id` = 1 LIMIT 1 [ RunTime:0.000293s ]
[2026-03-22T19:34:44+08:00][sql] CONNECT:[ UseTime:0.000429s ] mysql:host=127.0.0.1;port=3306;dbname=mutu;charset=utf8mb4
[2026-03-22T19:34:44+08:00][sql] SHOW FULL COLUMNS FROM `admin` [ RunTime:0.000499s ]
[2026-03-22T19:34:44+08:00][sql] SELECT * FROM `admin` WHERE  `id` = 1 LIMIT 1 [ RunTime:0.000301s ]
[2026-03-22T19:34:44+08:00][sql] SHOW FULL COLUMNS FROM `ip_blacklist` [ RunTime:0.000391s ]
[2026-03-22T19:34:44+08:00][sql] SELECT * FROM `ip_blacklist` ORDER BY `create_time` DESC [ RunTime:0.000252s ]
[2026-03-22T19:35:16+08:00][sql] CONNECT:[ UseTime:0.000410s ] mysql:host=127.0.0.1;port=3306;dbname=mutu;charset=utf8mb4
[2026-03-22T19:35:16+08:00][sql] SHOW FULL COLUMNS FROM `admin` [ RunTime:0.000512s ]
[2026-03-22T19:35:16+08:00][sql] SELECT * FROM `admin` WHERE  `id` = 1 LIMIT 1 [ RunTime:0.000292s ]
[2026-03-22T19:35:16+08:00][sql] CONNECT:[ UseTime:0.000411s ] mysql:host=127.0.0.1;port=3306;dbname=mutu;charset=utf8mb4
[2026-03-22T19:35:16+08:00][sql] SHOW FULL COLUMNS FROM `admin` [ RunTime:0.000497s ]
[2026-03-22T19:35:16+08:00][sql] SELECT * FROM `admin` WHERE  `id` = 1 LIMIT 1 [ RunTime:0.000315s ]
[2026-03-22T19:35:16+08:00][sql] SHOW FULL COLUMNS FROM `ip_blacklist` [ RunTime:0.000409s ]
[2026-03-22T19:35:16+08:00][sql] SELECT * FROM `ip_blacklist` ORDER BY `create_time` DESC [ RunTime:0.000229s ]
